<?xml version="1.0" encoding="utf-8"?>
<TestRun id="128da170-77e9-4470-9846-0765b1d2b8e5" name="ttsch@TIMO-PC 2026-05-29 14:10:15" runUser="TIMO-PC\ttsch" xmlns="http://microsoft.com/schemas/VisualStudio/TeamTest/2010">
  <Times creation="2026-05-29T14:10:15.3863937-04:00" queuing="2026-05-29T14:10:15.3863938-04:00" start="2026-05-29T14:10:10.1536967-04:00" finish="2026-05-29T14:12:36.5470766-04:00" />
  <TestSettings name="default" id="83f19810-364e-4979-af72-6afe124f633a">
    <Deployment runDeploymentRoot="ttsch_TIMO-PC_2026-05-29_14_10_15" />
  </TestSettings>
  <Results>
    <UnitTestResult executionId="e07f479f-c53b-4a4d-9bc3-d512acd54feb" testId="11d94c4c-49de-817e-a66f-8413e70558f1" testName="With_Transaction" computerName="TIMO-PC" duration="00:00:00.2186830" startTime="2026-05-29T14:12:29.7293145-04:00" endTime="2026-05-29T14:12:29.9480311-04:00" testType="13cdc9d9-ddb5-4fa4-a97d-d965ccfc6d4b" outcome="Failed" testListId="8c84fa94-04c1-424b-9868-57a2d4851a1d" relativeResultsDirectory="e07f479f-c53b-4a4d-9bc3-d512acd54feb">
      <Output>
        <StdOut>Debug Trace:&#xD;
Last Id for Order is 17151</StdOut>
        <ErrorInfo>
          <Message>Test method N.EntityFrameworkCore.Extensions.Test.DbContextExtensions.UpdateFromQuery.With_Transaction threw exception:&#xD;
System.InvalidCastException: Unable to cast object of type 'System.Int64' to type 'System.Boolean'.</Message>
          <StackTrace>   at Microsoft.EntityFrameworkCore.ChangeTracking.ValueComparer`1.Equals(Object left, Object right)&#xD;
   at Microsoft.EntityFrameworkCore.ChangeTracking.Internal.InternalEntryBase.SetStoreGeneratedValue(IProperty property, Object value, Boolean setModified)&#xD;
   at N.EntityFrameworkCore.Extensions.DbContextExtensions.SetStoreGeneratedValues[T](DbContext context, T entity, IEnumerable`1 properties, Object[] values) in C:\Users\ttsch\source\N.EntityFrameworkCore.Extensions\N.EntityFrameworkCore.Extensions.Sqlite\Data\DbContextExtensions.cs:line 445&#xD;
   at N.EntityFrameworkCore.Extensions.BulkOperation`1.ExecuteMergeSqlite(Dictionary`2 entityMap, Expression`1 mergeOnCondition, Boolean autoMapOutput, Boolean keepIdentity, Boolean insertIfNotExists, Boolean update, Boolean delete, Boolean preallocatedIds) in C:\Users\ttsch\source\N.EntityFrameworkCore.Extensions\N.EntityFrameworkCore.Extensions.Sqlite\Data\BulkOperation.cs:line 306&#xD;
   at N.EntityFrameworkCore.Extensions.BulkOperation`1.ExecuteMerge(Dictionary`2 entityMap, Expression`1 mergeOnCondition, Boolean autoMapOutput, Boolean keepIdentity, Boolean insertIfNotExists, Boolean update, Boolean delete, Boolean preallocatedIds) in C:\Users\ttsch\source\N.EntityFrameworkCore.Extensions\N.EntityFrameworkCore.Extensions.Sqlite\Data\BulkOperation.cs:line 121&#xD;
   at N.EntityFrameworkCore.Extensions.DbContextExtensions.BulkInsert[T](DbContext context, IEnumerable`1 entities, BulkInsertOptions`1 options) in C:\Users\ttsch\source\N.EntityFrameworkCore.Extensions\N.EntityFrameworkCore.Extensions.Sqlite\Data\DbContextExtensions.cs:line 182&#xD;
   at N.EntityFrameworkCore.Extensions.Test.DbContextExtensions.DbContextExtensionsBase.SetupDbContext(Boolean populateData, PopulateDataMode mode) in C:\Users\ttsch\source\N.EntityFrameworkCore.Extensions\N.EntityFrameworkCore.Extensions.Test\N.EntityFrameworkCore.Extensions.Sqlite.Test\DbContextExtensions\DbContextExtensionsBase.cs:line 101&#xD;
   at N.EntityFrameworkCore.Extensions.Test.DbContextExtensions.UpdateFromQuery.With_Transaction() in C:\Users\ttsch\source\N.EntityFrameworkCore.Extensions\N.EntityFrameworkCore.Extensions.Test\N.EntityFrameworkCore.Extensions.Sqlite.Test\DbContextExtensions\UpdateFromQuery.cs:line 230&#xD;
   at System.RuntimeMethodHandle.InvokeMethod(ObjectHandleOnStack target, Void** arguments, ObjectHandleOnStack sig, BOOL isConstructor, ObjectHandleOnStack result)&#xD;
   at System.Reflection.MethodBaseInvoker.InterpretedInvoke_Method(Object obj, IntPtr* args)&#xD;
   at System.Reflection.MethodBaseInvoker.InvokeWithNoArgs(Object obj, BindingFlags invokeAttr)&#xD;
</StackTrace>
        </ErrorInfo>
      </Output>
    </UnitTestResult>
    <UnitTestResult executionId="6e32ea4a-f056-47d3-9dcd-e537f7032a81" testId="134b1f25-87df-80ae-aa73-89388359fa86" testName="With_Inheritance_Tph" computerName="TIMO-PC" duration="00:00:04.9913692" startTime="2026-05-29T14:11:56.3007883-04:00" endTime="2026-05-29T14:12:01.2921898-04:00" testType="13cdc9d9-ddb5-4fa4-a97d-d965ccfc6d4b" outcome="Failed" testListId="8c84fa94-04c1-424b-9868-57a2d4851a1d" relativeResultsDirectory="6e32ea4a-f056-47d3-9dcd-e537f7032a81">
      <Output>
        <ErrorInfo>
          <Message>Assert.IsTrue failed. 'condition' expression: 'result.RowsAffected == customersAdded + customersToUpdate + customersToDelete'. The number of rows affected must match the sum of customers added, updated and deleted.</Message>
          <StackTrace>   at Microsoft.VisualStudio.TestTools.UnitTesting.Assert.IsTrue(Nullable`1 condition, String message, String conditionExpression) in /_/src/TestFramework/TestFramework/Assertions/Assert.IsTrue.cs:line 153&#xD;
   at N.EntityFrameworkCore.Extensions.Test.DbContextExtensions.BulkSync.With_Inheritance_Tph() in C:\Users\ttsch\source\N.EntityFrameworkCore.Extensions\N.EntityFrameworkCore.Extensions.Test\N.EntityFrameworkCore.Extensions.Sqlite.Test\DbContextExtensions\BulkSync.cs:line 118&#xD;
   at System.RuntimeMethodHandle.InvokeMethod(ObjectHandleOnStack target, Void** arguments, ObjectHandleOnStack sig, BOOL isConstructor, ObjectHandleOnStack result)&#xD;
   at System.Reflection.MethodBaseInvoker.InterpretedInvoke_Method(Object obj, IntPtr* args)&#xD;
   at System.Reflection.MethodBaseInvoker.InvokeWithNoArgs(Object obj, BindingFlags invokeAttr)</StackTrace>
        </ErrorInfo>
      </Output>
    </UnitTestResult>
    <UnitTestResult executionId="bb8543a5-a0e2-442b-a767-27a9164aca6c" testId="1735ee8d-e178-83d5-a48e-8074287c7b07" testName="With_Variables" computerName="TIMO-PC" duration="00:00:00.2109024" startTime="2026-05-29T14:12:29.9480463-04:00" endTime="2026-05-29T14:12:30.1589829-04:00" testType="13cdc9d9-ddb5-4fa4-a97d-d965ccfc6d4b" outcome="Failed" testListId="8c84fa94-04c1-424b-9868-57a2d4851a1d" relativeResultsDirectory="bb8543a5-a0e2-442b-a767-27a9164aca6c">
      <Output>
        <StdOut>Debug Trace:&#xD;
Last Id for Order is 17151</StdOut>
        <ErrorInfo>
          <Message>Test method N.EntityFrameworkCore.Extensions.Test.DbContextExtensions.UpdateFromQuery.With_Variables threw exception:&#xD;
System.InvalidCastException: Unable to cast object of type 'System.Int64' to type 'System.Boolean'.</Message>
          <StackTrace>   at Microsoft.EntityFrameworkCore.ChangeTracking.ValueComparer`1.Equals(Object left, Object right)&#xD;
   at Microsoft.EntityFrameworkCore.ChangeTracking.Internal.InternalEntryBase.SetStoreGeneratedValue(IProperty property, Object value, Boolean setModified)&#xD;
   at N.EntityFrameworkCore.Extensions.DbContextExtensions.SetStoreGeneratedValues[T](DbContext context, T entity, IEnumerable`1 properties, Object[] values) in C:\Users\ttsch\source\N.EntityFrameworkCore.Extensions\N.EntityFrameworkCore.Extensions.Sqlite\Data\DbContextExtensions.cs:line 445&#xD;
   at N.EntityFrameworkCore.Extensions.BulkOperation`1.ExecuteMergeSqlite(Dictionary`2 entityMap, Expression`1 mergeOnCondition, Boolean autoMapOutput, Boolean keepIdentity, Boolean insertIfNotExists, Boolean update, Boolean delete, Boolean preallocatedIds) in C:\Users\ttsch\source\N.EntityFrameworkCore.Extensions\N.EntityFrameworkCore.Extensions.Sqlite\Data\BulkOperation.cs:line 306&#xD;
   at N.EntityFrameworkCore.Extensions.BulkOperation`1.ExecuteMerge(Dictionary`2 entityMap, Expression`1 mergeOnCondition, Boolean autoMapOutput, Boolean keepIdentity, Boolean insertIfNotExists, Boolean update, Boolean delete, Boolean preallocatedIds) in C:\Users\ttsch\source\N.EntityFrameworkCore.Extensions\N.EntityFrameworkCore.Extensions.Sqlite\Data\BulkOperation.cs:line 121&#xD;
   at N.EntityFrameworkCore.Extensions.DbContextExtensions.BulkInsert[T](DbContext context, IEnumerable`1 entities, BulkInsertOptions`1 options) in C:\Users\ttsch\source\N.EntityFrameworkCore.Extensions\N.EntityFrameworkCore.Extensions.Sqlite\Data\DbContextExtensions.cs:line 182&#xD;
   at N.EntityFrameworkCore.Extensions.Test.DbContextExtensions.DbContextExtensionsBase.SetupDbContext(Boolean populateData, PopulateDataMode mode) in C:\Users\ttsch\source\N.EntityFrameworkCore.Extensions\N.EntityFrameworkCore.Extensions.Test\N.EntityFrameworkCore.Extensions.Sqlite.Test\DbContextExtensions\DbContextExtensionsBase.cs:line 101&#xD;
   at N.EntityFrameworkCore.Extensions.Test.DbContextExtensions.UpdateFromQuery.With_Variables() in C:\Users\ttsch\source\N.EntityFrameworkCore.Extensions\N.EntityFrameworkCore.Extensions.Test\N.EntityFrameworkCore.Extensions.Sqlite.Test\DbContextExtensions\UpdateFromQuery.cs:line 249&#xD;
   at System.RuntimeMethodHandle.InvokeMethod(ObjectHandleOnStack target, Void** arguments, ObjectHandleOnStack sig, BOOL isConstructor, ObjectHandleOnStack result)&#xD;
   at System.Reflection.MethodBaseInvoker.InterpretedInvoke_Method(Object obj, IntPtr* args)&#xD;
   at System.Reflection.MethodBaseInvoker.InvokeWithNoArgs(Object obj, BindingFlags invokeAttr)&#xD;
</StackTrace>
        </ErrorInfo>
      </Output>
    </UnitTestResult>
    <UnitTestResult executionId="64af75a4-298b-4654-a993-55de38836e56" testId="1cdf1a8e-1883-85d3-870b-ac333fa72cc4" testName="With_DateTimeOffset_No_UTC_Value" computerName="TIMO-PC" duration="00:00:00.2218060" startTime="2026-05-29T14:12:31.4457230-04:00" endTime="2026-05-29T14:12:31.6675627-04:00" testType="13cdc9d9-ddb5-4fa4-a97d-d965ccfc6d4b" outcome="Failed" testListId="8c84fa94-04c1-424b-9868-57a2d4851a1d" relativeResultsDirectory="64af75a4-298b-4654-a993-55de38836e56">
      <Output>
        <StdOut>Debug Trace:&#xD;
Last Id for Order is 17151</StdOut>
        <ErrorInfo>
          <Message>Test method N.EntityFrameworkCore.Extensions.Test.DbContextExtensions.UpdateFromQueryAsync.With_DateTimeOffset_No_UTC_Value threw exception:&#xD;
System.InvalidCastException: Unable to cast object of type 'System.Int64' to type 'System.Boolean'.</Message>
          <StackTrace>   at Microsoft.EntityFrameworkCore.ChangeTracking.ValueComparer`1.Equals(Object left, Object right)&#xD;
   at Microsoft.EntityFrameworkCore.ChangeTracking.Internal.InternalEntryBase.SetStoreGeneratedValue(IProperty property, Object value, Boolean setModified)&#xD;
   at N.EntityFrameworkCore.Extensions.DbContextExtensions.SetStoreGeneratedValues[T](DbContext context, T entity, IEnumerable`1 properties, Object[] values) in C:\Users\ttsch\source\N.EntityFrameworkCore.Extensions\N.EntityFrameworkCore.Extensions.Sqlite\Data\DbContextExtensions.cs:line 445&#xD;
   at N.EntityFrameworkCore.Extensions.BulkOperation`1.ExecuteMergeSqlite(Dictionary`2 entityMap, Expression`1 mergeOnCondition, Boolean autoMapOutput, Boolean keepIdentity, Boolean insertIfNotExists, Boolean update, Boolean delete, Boolean preallocatedIds) in C:\Users\ttsch\source\N.EntityFrameworkCore.Extensions\N.EntityFrameworkCore.Extensions.Sqlite\Data\BulkOperation.cs:line 306&#xD;
   at N.EntityFrameworkCore.Extensions.BulkOperation`1.ExecuteMerge(Dictionary`2 entityMap, Expression`1 mergeOnCondition, Boolean autoMapOutput, Boolean keepIdentity, Boolean insertIfNotExists, Boolean update, Boolean delete, Boolean preallocatedIds) in C:\Users\ttsch\source\N.EntityFrameworkCore.Extensions\N.EntityFrameworkCore.Extensions.Sqlite\Data\BulkOperation.cs:line 121&#xD;
   at N.EntityFrameworkCore.Extensions.DbContextExtensions.BulkInsert[T](DbContext context, IEnumerable`1 entities, BulkInsertOptions`1 options) in C:\Users\ttsch\source\N.EntityFrameworkCore.Extensions\N.EntityFrameworkCore.Extensions.Sqlite\Data\DbContextExtensions.cs:line 182&#xD;
   at N.EntityFrameworkCore.Extensions.Test.DbContextExtensions.DbContextExtensionsBase.SetupDbContext(Boolean populateData, PopulateDataMode mode) in C:\Users\ttsch\source\N.EntityFrameworkCore.Extensions\N.EntityFrameworkCore.Extensions.Test\N.EntityFrameworkCore.Extensions.Sqlite.Test\DbContextExtensions\DbContextExtensionsBase.cs:line 101&#xD;
   at N.EntityFrameworkCore.Extensions.Test.DbContextExtensions.UpdateFromQueryAsync.With_DateTimeOffset_No_UTC_Value() in C:\Users\ttsch\source\N.EntityFrameworkCore.Extensions\N.EntityFrameworkCore.Extensions.Test\N.EntityFrameworkCore.Extensions.Sqlite.Test\DbContextExtensions\UpdateFromQueryAsync.cs:line 88&#xD;
   at Microsoft.VisualStudio.TestPlatform.MSTest.TestAdapter.Execution.TestMethodInfo.ExecuteInternalAsync(Object[] arguments, CancellationTokenSource timeoutTokenSource) in /_/src/Adapter/MSTestAdapter.PlatformServices/Execution/TestMethodInfo.cs:line 408&#xD;
</StackTrace>
        </ErrorInfo>
      </Output>
    </UnitTestResult>
    <UnitTestResult executionId="109cfc51-4c7e-4863-b8d8-ec1c8a1d803e" testId="10033bea-e703-83d7-ba6b-f55df7d3c7d4" testName="With_Empty_List" computerName="TIMO-PC" duration="00:00:00.0135617" startTime="2026-05-29T14:12:20.6736248-04:00" endTime="2026-05-29T14:12:20.6872187-04:00" testType="13cdc9d9-ddb5-4fa4-a97d-d965ccfc6d4b" outcome="Passed" testListId="8c84fa94-04c1-424b-9868-57a2d4851a1d" relativeResultsDirectory="109cfc51-4c7e-4863-b8d8-ec1c8a1d803e" />
    <UnitTestResult executionId="f23530dc-195e-44bd-8e19-06dfb043cc6b" testId="180e4731-73ee-80ce-89af-9bfe0c6083af" testName="With_Decimal_Value" computerName="TIMO-PC" duration="00:00:00.2123740" startTime="2026-05-29T14:12:24.1291299-04:00" endTime="2026-05-29T14:12:24.3415390-04:00" testType="13cdc9d9-ddb5-4fa4-a97d-d965ccfc6d4b" outcome="Failed" testListId="8c84fa94-04c1-424b-9868-57a2d4851a1d" relativeResultsDirectory="f23530dc-195e-44bd-8e19-06dfb043cc6b">
      <Output>
        <StdOut>Debug Trace:&#xD;
Last Id for Order is 17151</StdOut>
        <ErrorInfo>
          <Message>Test method N.EntityFrameworkCore.Extensions.Test.DbContextExtensions.InsertFromQuery.With_Decimal_Value threw exception:&#xD;
System.InvalidCastException: Unable to cast object of type 'System.Int64' to type 'System.Boolean'.</Message>
          <StackTrace>   at Microsoft.EntityFrameworkCore.ChangeTracking.ValueComparer`1.Equals(Object left, Object right)&#xD;
   at Microsoft.EntityFrameworkCore.ChangeTracking.Internal.InternalEntryBase.SetStoreGeneratedValue(IProperty property, Object value, Boolean setModified)&#xD;
   at N.EntityFrameworkCore.Extensions.DbContextExtensions.SetStoreGeneratedValues[T](DbContext context, T entity, IEnumerable`1 properties, Object[] values) in C:\Users\ttsch\source\N.EntityFrameworkCore.Extensions\N.EntityFrameworkCore.Extensions.Sqlite\Data\DbContextExtensions.cs:line 445&#xD;
   at N.EntityFrameworkCore.Extensions.BulkOperation`1.ExecuteMergeSqlite(Dictionary`2 entityMap, Expression`1 mergeOnCondition, Boolean autoMapOutput, Boolean keepIdentity, Boolean insertIfNotExists, Boolean update, Boolean delete, Boolean preallocatedIds) in C:\Users\ttsch\source\N.EntityFrameworkCore.Extensions\N.EntityFrameworkCore.Extensions.Sqlite\Data\BulkOperation.cs:line 306&#xD;
   at N.EntityFrameworkCore.Extensions.BulkOperation`1.ExecuteMerge(Dictionary`2 entityMap, Expression`1 mergeOnCondition, Boolean autoMapOutput, Boolean keepIdentity, Boolean insertIfNotExists, Boolean update, Boolean delete, Boolean preallocatedIds) in C:\Users\ttsch\source\N.EntityFrameworkCore.Extensions\N.EntityFrameworkCore.Extensions.Sqlite\Data\BulkOperation.cs:line 121&#xD;
   at N.EntityFrameworkCore.Extensions.DbContextExtensions.BulkInsert[T](DbContext context, IEnumerable`1 entities, BulkInsertOptions`1 options) in C:\Users\ttsch\source\N.EntityFrameworkCore.Extensions\N.EntityFrameworkCore.Extensions.Sqlite\Data\DbContextExtensions.cs:line 182&#xD;
   at N.EntityFrameworkCore.Extensions.Test.DbContextExtensions.DbContextExtensionsBase.SetupDbContext(Boolean populateData, PopulateDataMode mode) in C:\Users\ttsch\source\N.EntityFrameworkCore.Extensions\N.EntityFrameworkCore.Extensions.Test\N.EntityFrameworkCore.Extensions.Sqlite.Test\DbContextExtensions\DbContextExtensionsBase.cs:line 101&#xD;
   at N.EntityFrameworkCore.Extensions.Test.DbContextExtensions.InsertFromQuery.With_Decimal_Value() in C:\Users\ttsch\source\N.EntityFrameworkCore.Extensions\N.EntityFrameworkCore.Extensions.Test\N.EntityFrameworkCore.Extensions.Sqlite.Test\DbContextExtensions\InsertFromQuery.cs:line 34&#xD;
   at System.RuntimeMethodHandle.InvokeMethod(ObjectHandleOnStack target, Void** arguments, ObjectHandleOnStack sig, BOOL isConstructor, ObjectHandleOnStack result)&#xD;
   at System.Reflection.MethodBaseInvoker.InterpretedInvoke_Method(Object obj, IntPtr* args)&#xD;
   at System.Reflection.MethodBaseInvoker.InvokeWithNoArgs(Object obj, BindingFlags invokeAttr)&#xD;
</StackTrace>
        </ErrorInfo>
      </Output>
    </UnitTestResult>
    <UnitTestResult executionId="7133a868-afb2-4064-bb95-623ddab68300" testId="147218f1-bb4b-87a1-9b87-97431010ac8e" testName="With_Different_Culture" computerName="TIMO-PC" duration="00:00:00.2018443" startTime="2026-05-29T14:12:28.1670739-04:00" endTime="2026-05-29T14:12:28.3689547-04:00" testType="13cdc9d9-ddb5-4fa4-a97d-d965ccfc6d4b" outcome="Failed" testListId="8c84fa94-04c1-424b-9868-57a2d4851a1d" relativeResultsDirectory="7133a868-afb2-4064-bb95-623ddab68300">
      <Output>
        <StdOut>Debug Trace:&#xD;
Last Id for Order is 17151</StdOut>
        <ErrorInfo>
          <Message>Test method N.EntityFrameworkCore.Extensions.Test.DbContextExtensions.UpdateFromQuery.With_Different_Culture threw exception:&#xD;
System.InvalidCastException: Unable to cast object of type 'System.Int64' to type 'System.Boolean'.</Message>
          <StackTrace>   at Microsoft.EntityFrameworkCore.ChangeTracking.ValueComparer`1.Equals(Object left, Object right)&#xD;
   at Microsoft.EntityFrameworkCore.ChangeTracking.Internal.InternalEntryBase.SetStoreGeneratedValue(IProperty property, Object value, Boolean setModified)&#xD;
   at N.EntityFrameworkCore.Extensions.DbContextExtensions.SetStoreGeneratedValues[T](DbContext context, T entity, IEnumerable`1 properties, Object[] values) in C:\Users\ttsch\source\N.EntityFrameworkCore.Extensions\N.EntityFrameworkCore.Extensions.Sqlite\Data\DbContextExtensions.cs:line 445&#xD;
   at N.EntityFrameworkCore.Extensions.BulkOperation`1.ExecuteMergeSqlite(Dictionary`2 entityMap, Expression`1 mergeOnCondition, Boolean autoMapOutput, Boolean keepIdentity, Boolean insertIfNotExists, Boolean update, Boolean delete, Boolean preallocatedIds) in C:\Users\ttsch\source\N.EntityFrameworkCore.Extensions\N.EntityFrameworkCore.Extensions.Sqlite\Data\BulkOperation.cs:line 306&#xD;
   at N.EntityFrameworkCore.Extensions.BulkOperation`1.ExecuteMerge(Dictionary`2 entityMap, Expression`1 mergeOnCondition, Boolean autoMapOutput, Boolean keepIdentity, Boolean insertIfNotExists, Boolean update, Boolean delete, Boolean preallocatedIds) in C:\Users\ttsch\source\N.EntityFrameworkCore.Extensions\N.EntityFrameworkCore.Extensions.Sqlite\Data\BulkOperation.cs:line 121&#xD;
   at N.EntityFrameworkCore.Extensions.DbContextExtensions.BulkInsert[T](DbContext context, IEnumerable`1 entities, BulkInsertOptions`1 options) in C:\Users\ttsch\source\N.EntityFrameworkCore.Extensions\N.EntityFrameworkCore.Extensions.Sqlite\Data\DbContextExtensions.cs:line 182&#xD;
   at N.EntityFrameworkCore.Extensions.Test.DbContextExtensions.DbContextExtensionsBase.SetupDbContext(Boolean populateData, PopulateDataMode mode) in C:\Users\ttsch\source\N.EntityFrameworkCore.Extensions\N.EntityFrameworkCore.Extensions.Test\N.EntityFrameworkCore.Extensions.Sqlite.Test\DbContextExtensions\DbContextExtensionsBase.cs:line 101&#xD;
   at N.EntityFrameworkCore.Extensions.Test.DbContextExtensions.UpdateFromQuery.With_Different_Culture() in C:\Users\ttsch\source\N.EntityFrameworkCore.Extensions\N.EntityFrameworkCore.Extensions.Test\N.EntityFrameworkCore.Extensions.Sqlite.Test\DbContextExtensions\UpdateFromQuery.cs:line 117&#xD;
   at System.RuntimeMethodHandle.InvokeMethod(ObjectHandleOnStack target, Void** arguments, ObjectHandleOnStack sig, BOOL isConstructor, ObjectHandleOnStack result)&#xD;
   at System.Reflection.MethodBaseInvoker.InterpretedInvoke_Method(Object obj, IntPtr* args)&#xD;
   at System.Reflection.MethodBaseInvoker.InvokeWithNoArgs(Object obj, BindingFlags invokeAttr)&#xD;
</StackTrace>
        </ErrorInfo>
      </Output>
    </UnitTestResult>
    <UnitTestResult executionId="85450927-cf5e-460e-b817-41bb3ff4f5d2" testId="12b163a3-c7ef-84b4-afd2-27e764a97583" testName="With_Decimal_Using_IEnumerable" computerName="TIMO-PC" duration="00:00:00.2137817" startTime="2026-05-29T14:12:19.8398934-04:00" endTime="2026-05-29T14:12:20.0537097-04:00" testType="13cdc9d9-ddb5-4fa4-a97d-d965ccfc6d4b" outcome="Failed" testListId="8c84fa94-04c1-424b-9868-57a2d4851a1d" relativeResultsDirectory="85450927-cf5e-460e-b817-41bb3ff4f5d2">
      <Output>
        <StdOut>Debug Trace:&#xD;
Last Id for Order is 17151</StdOut>
        <ErrorInfo>
          <Message>Test method N.EntityFrameworkCore.Extensions.Test.DbContextExtensions.DeleteFromQueryAsync.With_Decimal_Using_IEnumerable threw exception:&#xD;
System.InvalidCastException: Unable to cast object of type 'System.Int64' to type 'System.Boolean'.</Message>
          <StackTrace>   at Microsoft.EntityFrameworkCore.ChangeTracking.ValueComparer`1.Equals(Object left, Object right)&#xD;
   at Microsoft.EntityFrameworkCore.ChangeTracking.Internal.InternalEntryBase.SetStoreGeneratedValue(IProperty property, Object value, Boolean setModified)&#xD;
   at N.EntityFrameworkCore.Extensions.DbContextExtensions.SetStoreGeneratedValues[T](DbContext context, T entity, IEnumerable`1 properties, Object[] values) in C:\Users\ttsch\source\N.EntityFrameworkCore.Extensions\N.EntityFrameworkCore.Extensions.Sqlite\Data\DbContextExtensions.cs:line 445&#xD;
   at N.EntityFrameworkCore.Extensions.BulkOperation`1.ExecuteMergeSqlite(Dictionary`2 entityMap, Expression`1 mergeOnCondition, Boolean autoMapOutput, Boolean keepIdentity, Boolean insertIfNotExists, Boolean update, Boolean delete, Boolean preallocatedIds) in C:\Users\ttsch\source\N.EntityFrameworkCore.Extensions\N.EntityFrameworkCore.Extensions.Sqlite\Data\BulkOperation.cs:line 306&#xD;
   at N.EntityFrameworkCore.Extensions.BulkOperation`1.ExecuteMerge(Dictionary`2 entityMap, Expression`1 mergeOnCondition, Boolean autoMapOutput, Boolean keepIdentity, Boolean insertIfNotExists, Boolean update, Boolean delete, Boolean preallocatedIds) in C:\Users\ttsch\source\N.EntityFrameworkCore.Extensions\N.EntityFrameworkCore.Extensions.Sqlite\Data\BulkOperation.cs:line 121&#xD;
   at N.EntityFrameworkCore.Extensions.DbContextExtensions.BulkInsert[T](DbContext context, IEnumerable`1 entities, BulkInsertOptions`1 options) in C:\Users\ttsch\source\N.EntityFrameworkCore.Extensions\N.EntityFrameworkCore.Extensions.Sqlite\Data\DbContextExtensions.cs:line 182&#xD;
   at N.EntityFrameworkCore.Extensions.Test.DbContextExtensions.DbContextExtensionsBase.SetupDbContext(Boolean populateData, PopulateDataMode mode) in C:\Users\ttsch\source\N.EntityFrameworkCore.Extensions\N.EntityFrameworkCore.Extensions.Test\N.EntityFrameworkCore.Extensions.Sqlite.Test\DbContextExtensions\DbContextExtensionsBase.cs:line 101&#xD;
   at N.EntityFrameworkCore.Extensions.Test.DbContextExtensions.DeleteFromQueryAsync.With_Decimal_Using_IEnumerable() in C:\Users\ttsch\source\N.EntityFrameworkCore.Extensions\N.EntityFrameworkCore.Extensions.Test\N.EntityFrameworkCore.Extensions.Sqlite.Test\DbContextExtensions\DeleteFromQueryAsync.cs:line 53&#xD;
   at Microsoft.VisualStudio.TestPlatform.MSTest.TestAdapter.Execution.TestMethodInfo.ExecuteInternalAsync(Object[] arguments, CancellationTokenSource timeoutTokenSource) in /_/src/Adapter/MSTestAdapter.PlatformServices/Execution/TestMethodInfo.cs:line 408&#xD;
</StackTrace>
        </ErrorInfo>
      </Output>
    </UnitTestResult>
    <UnitTestResult executionId="1a048265-e763-4fce-93b4-bcd2f8600d15" testId="149a9155-642b-8c55-bca8-21687a5da3ab" testName="With_Options_AutoMapIdentity" computerName="TIMO-PC" duration="00:00:00.2144861" startTime="2026-05-29T14:12:10.6686778-04:00" endTime="2026-05-29T14:12:10.8832006-04:00" testType="13cdc9d9-ddb5-4fa4-a97d-d965ccfc6d4b" outcome="Failed" testListId="8c84fa94-04c1-424b-9868-57a2d4851a1d" relativeResultsDirectory="1a048265-e763-4fce-93b4-bcd2f8600d15">
      <Output>
        <StdOut>Debug Trace:&#xD;
Last Id for Order is 17151</StdOut>
        <ErrorInfo>
          <Message>Test method N.EntityFrameworkCore.Extensions.Test.DbContextExtensions.BulkSyncAsync.With_Options_AutoMapIdentity threw exception:&#xD;
System.InvalidCastException: Unable to cast object of type 'System.Int64' to type 'System.Boolean'.</Message>
          <StackTrace>   at Microsoft.EntityFrameworkCore.ChangeTracking.ValueComparer`1.Equals(Object left, Object right)&#xD;
   at Microsoft.EntityFrameworkCore.ChangeTracking.Internal.InternalEntryBase.SetStoreGeneratedValue(IProperty property, Object value, Boolean setModified)&#xD;
   at N.EntityFrameworkCore.Extensions.DbContextExtensions.SetStoreGeneratedValues[T](DbContext context, T entity, IEnumerable`1 properties, Object[] values) in C:\Users\ttsch\source\N.EntityFrameworkCore.Extensions\N.EntityFrameworkCore.Extensions.Sqlite\Data\DbContextExtensions.cs:line 445&#xD;
   at N.EntityFrameworkCore.Extensions.BulkOperation`1.ExecuteMergeSqlite(Dictionary`2 entityMap, Expression`1 mergeOnCondition, Boolean autoMapOutput, Boolean keepIdentity, Boolean insertIfNotExists, Boolean update, Boolean delete, Boolean preallocatedIds) in C:\Users\ttsch\source\N.EntityFrameworkCore.Extensions\N.EntityFrameworkCore.Extensions.Sqlite\Data\BulkOperation.cs:line 306&#xD;
   at N.EntityFrameworkCore.Extensions.BulkOperation`1.ExecuteMerge(Dictionary`2 entityMap, Expression`1 mergeOnCondition, Boolean autoMapOutput, Boolean keepIdentity, Boolean insertIfNotExists, Boolean update, Boolean delete, Boolean preallocatedIds) in C:\Users\ttsch\source\N.EntityFrameworkCore.Extensions\N.EntityFrameworkCore.Extensions.Sqlite\Data\BulkOperation.cs:line 121&#xD;
   at N.EntityFrameworkCore.Extensions.DbContextExtensions.BulkInsert[T](DbContext context, IEnumerable`1 entities, BulkInsertOptions`1 options) in C:\Users\ttsch\source\N.EntityFrameworkCore.Extensions\N.EntityFrameworkCore.Extensions.Sqlite\Data\DbContextExtensions.cs:line 182&#xD;
   at N.EntityFrameworkCore.Extensions.Test.DbContextExtensions.DbContextExtensionsBase.SetupDbContext(Boolean populateData, PopulateDataMode mode) in C:\Users\ttsch\source\N.EntityFrameworkCore.Extensions\N.EntityFrameworkCore.Extensions.Test\N.EntityFrameworkCore.Extensions.Sqlite.Test\DbContextExtensions\DbContextExtensionsBase.cs:line 101&#xD;
   at N.EntityFrameworkCore.Extensions.Test.DbContextExtensions.BulkSyncAsync.With_Options_AutoMapIdentity() in C:\Users\ttsch\source\N.EntityFrameworkCore.Extensions\N.EntityFrameworkCore.Extensions.Test\N.EntityFrameworkCore.Extensions.Sqlite.Test\DbContextExtensions\BulkSyncAsync.cs:line 166&#xD;
   at Microsoft.VisualStudio.TestPlatform.MSTest.TestAdapter.Execution.TestMethodInfo.ExecuteInternalAsync(Object[] arguments, CancellationTokenSource timeoutTokenSource) in /_/src/Adapter/MSTestAdapter.PlatformServices/Execution/TestMethodInfo.cs:line 408&#xD;
</StackTrace>
        </ErrorInfo>
      </Output>
    </UnitTestResult>
    <UnitTestResult executionId="5962cf5f-b788-47e5-9288-3a744787b5b7" testId="182c92ee-2128-839c-8b2e-63511fe021fb" testName="With_Delete_All" computerName="TIMO-PC" duration="00:00:00.2124537" startTime="2026-05-29T14:12:18.4945540-04:00" endTime="2026-05-29T14:12:18.7070441-04:00" testType="13cdc9d9-ddb5-4fa4-a97d-d965ccfc6d4b" outcome="Failed" testListId="8c84fa94-04c1-424b-9868-57a2d4851a1d" relativeResultsDirectory="5962cf5f-b788-47e5-9288-3a744787b5b7">
      <Output>
        <StdOut>Debug Trace:&#xD;
Last Id for Order is 17151</StdOut>
        <ErrorInfo>
          <Message>Test method N.EntityFrameworkCore.Extensions.Test.DbContextExtensions.DeleteFromQuery.With_Delete_All threw exception:&#xD;
System.InvalidCastException: Unable to cast object of type 'System.Int64' to type 'System.Boolean'.</Message>
          <StackTrace>   at Microsoft.EntityFrameworkCore.ChangeTracking.ValueComparer`1.Equals(Object left, Object right)&#xD;
   at Microsoft.EntityFrameworkCore.ChangeTracking.Internal.InternalEntryBase.SetStoreGeneratedValue(IProperty property, Object value, Boolean setModified)&#xD;
   at N.EntityFrameworkCore.Extensions.DbContextExtensions.SetStoreGeneratedValues[T](DbContext context, T entity, IEnumerable`1 properties, Object[] values) in C:\Users\ttsch\source\N.EntityFrameworkCore.Extensions\N.EntityFrameworkCore.Extensions.Sqlite\Data\DbContextExtensions.cs:line 445&#xD;
   at N.EntityFrameworkCore.Extensions.BulkOperation`1.ExecuteMergeSqlite(Dictionary`2 entityMap, Expression`1 mergeOnCondition, Boolean autoMapOutput, Boolean keepIdentity, Boolean insertIfNotExists, Boolean update, Boolean delete, Boolean preallocatedIds) in C:\Users\ttsch\source\N.EntityFrameworkCore.Extensions\N.EntityFrameworkCore.Extensions.Sqlite\Data\BulkOperation.cs:line 306&#xD;
   at N.EntityFrameworkCore.Extensions.BulkOperation`1.ExecuteMerge(Dictionary`2 entityMap, Expression`1 mergeOnCondition, Boolean autoMapOutput, Boolean keepIdentity, Boolean insertIfNotExists, Boolean update, Boolean delete, Boolean preallocatedIds) in C:\Users\ttsch\source\N.EntityFrameworkCore.Extensions\N.EntityFrameworkCore.Extensions.Sqlite\Data\BulkOperation.cs:line 121&#xD;
   at N.EntityFrameworkCore.Extensions.DbContextExtensions.BulkInsert[T](DbContext context, IEnumerable`1 entities, BulkInsertOptions`1 options) in C:\Users\ttsch\source\N.EntityFrameworkCore.Extensions\N.EntityFrameworkCore.Extensions.Sqlite\Data\DbContextExtensions.cs:line 182&#xD;
   at N.EntityFrameworkCore.Extensions.Test.DbContextExtensions.DbContextExtensionsBase.SetupDbContext(Boolean populateData, PopulateDataMode mode) in C:\Users\ttsch\source\N.EntityFrameworkCore.Extensions\N.EntityFrameworkCore.Extensions.Test\N.EntityFrameworkCore.Extensions.Sqlite.Test\DbContextExtensions\DbContextExtensionsBase.cs:line 101&#xD;
   at N.EntityFrameworkCore.Extensions.Test.DbContextExtensions.DeleteFromQuery.With_Delete_All() in C:\Users\ttsch\source\N.EntityFrameworkCore.Extensions\N.EntityFrameworkCore.Extensions.Test\N.EntityFrameworkCore.Extensions.Sqlite.Test\DbContextExtensions\DeleteFromQuery.cs:line 80&#xD;
   at System.RuntimeMethodHandle.InvokeMethod(ObjectHandleOnStack target, Void** arguments, ObjectHandleOnStack sig, BOOL isConstructor, ObjectHandleOnStack result)&#xD;
   at System.Reflection.MethodBaseInvoker.InterpretedInvoke_Method(Object obj, IntPtr* args)&#xD;
   at System.Reflection.MethodBaseInvoker.InvokeWithNoArgs(Object obj, BindingFlags invokeAttr)&#xD;
</StackTrace>
        </ErrorInfo>
      </Output>
    </UnitTestResult>
    <UnitTestResult executionId="8c14fe33-46d4-416a-bd5b-a5a2983bca72" testId="11f94b46-4d2d-8d72-a0d4-192504263fb6" testName="With_Decimal_Value" computerName="TIMO-PC" duration="00:00:00.2204422" startTime="2026-05-29T14:12:35.3983694-04:00" endTime="2026-05-29T14:12:35.6190407-04:00" testType="13cdc9d9-ddb5-4fa4-a97d-d965ccfc6d4b" outcome="Failed" testListId="8c84fa94-04c1-424b-9868-57a2d4851a1d" relativeResultsDirectory="8c14fe33-46d4-416a-bd5b-a5a2983bca72">
      <Output>
        <StdOut>Debug Trace:&#xD;
Last Id for Order is 17151</StdOut>
        <ErrorInfo>
          <Message>Test method N.EntityFrameworkCore.Extensions.Test.DatabaseExtensions.SqlQuery_CountAsync.With_Decimal_Value threw exception:&#xD;
System.InvalidCastException: Unable to cast object of type 'System.Int64' to type 'System.Boolean'.</Message>
          <StackTrace>   at Microsoft.EntityFrameworkCore.ChangeTracking.ValueComparer`1.Equals(Object left, Object right)&#xD;
   at Microsoft.EntityFrameworkCore.ChangeTracking.Internal.InternalEntryBase.SetStoreGeneratedValue(IProperty property, Object value, Boolean setModified)&#xD;
   at N.EntityFrameworkCore.Extensions.DbContextExtensions.SetStoreGeneratedValues[T](DbContext context, T entity, IEnumerable`1 properties, Object[] values) in C:\Users\ttsch\source\N.EntityFrameworkCore.Extensions\N.EntityFrameworkCore.Extensions.Sqlite\Data\DbContextExtensions.cs:line 445&#xD;
   at N.EntityFrameworkCore.Extensions.BulkOperation`1.ExecuteMergeSqlite(Dictionary`2 entityMap, Expression`1 mergeOnCondition, Boolean autoMapOutput, Boolean keepIdentity, Boolean insertIfNotExists, Boolean update, Boolean delete, Boolean preallocatedIds) in C:\Users\ttsch\source\N.EntityFrameworkCore.Extensions\N.EntityFrameworkCore.Extensions.Sqlite\Data\BulkOperation.cs:line 306&#xD;
   at N.EntityFrameworkCore.Extensions.BulkOperation`1.ExecuteMerge(Dictionary`2 entityMap, Expression`1 mergeOnCondition, Boolean autoMapOutput, Boolean keepIdentity, Boolean insertIfNotExists, Boolean update, Boolean delete, Boolean preallocatedIds) in C:\Users\ttsch\source\N.EntityFrameworkCore.Extensions\N.EntityFrameworkCore.Extensions.Sqlite\Data\BulkOperation.cs:line 121&#xD;
   at N.EntityFrameworkCore.Extensions.DbContextExtensions.BulkInsert[T](DbContext context, IEnumerable`1 entities, BulkInsertOptions`1 options) in C:\Users\ttsch\source\N.EntityFrameworkCore.Extensions\N.EntityFrameworkCore.Extensions.Sqlite\Data\DbContextExtensions.cs:line 182&#xD;
   at N.EntityFrameworkCore.Extensions.Test.DatabaseExtensions.DatabaseExtensionsBase.SetupDbContext(Boolean populateData) in C:\Users\ttsch\source\N.EntityFrameworkCore.Extensions\N.EntityFrameworkCore.Extensions.Test\N.EntityFrameworkCore.Extensions.Sqlite.Test\DatabaseExtensions\DatabaseExtensionsBase.cs:line 66&#xD;
   at N.EntityFrameworkCore.Extensions.Test.DatabaseExtensions.SqlQuery_CountAsync.With_Decimal_Value() in C:\Users\ttsch\source\N.EntityFrameworkCore.Extensions\N.EntityFrameworkCore.Extensions.Test\N.EntityFrameworkCore.Extensions.Sqlite.Test\DatabaseExtensions\SqlQuery_CountAsync.cs:line 14&#xD;
   at Microsoft.VisualStudio.TestPlatform.MSTest.TestAdapter.Execution.TestMethodInfo.ExecuteInternalAsync(Object[] arguments, CancellationTokenSource timeoutTokenSource) in /_/src/Adapter/MSTestAdapter.PlatformServices/Execution/TestMethodInfo.cs:line 408&#xD;
</StackTrace>
        </ErrorInfo>
      </Output>
    </UnitTestResult>
    <UnitTestResult executionId="0430bebd-a899-4801-9511-dec8bb68f405" testId="1e28f364-2012-82db-b4b2-56bf2ddf78c3" testName="With_Enum" computerName="TIMO-PC" duration="00:00:00.2585152" startTime="2026-05-29T14:10:24.0509826-04:00" endTime="2026-05-29T14:10:24.3095570-04:00" testType="13cdc9d9-ddb5-4fa4-a97d-d965ccfc6d4b" outcome="Failed" testListId="8c84fa94-04c1-424b-9868-57a2d4851a1d" relativeResultsDirectory="0430bebd-a899-4801-9511-dec8bb68f405">
      <Output>
        <StdOut>Debug Trace:&#xD;
Last Id for Order is 17151</StdOut>
        <ErrorInfo>
          <Message>Test method N.EntityFrameworkCore.Extensions.Test.DbContextExtensions.BulkFetchAsync.With_Enum threw exception:&#xD;
System.InvalidCastException: Unable to cast object of type 'System.Int64' to type 'System.Boolean'.</Message>
          <StackTrace>   at Microsoft.EntityFrameworkCore.ChangeTracking.ValueComparer`1.Equals(Object left, Object right)&#xD;
   at Microsoft.EntityFrameworkCore.ChangeTracking.Internal.InternalEntryBase.SetStoreGeneratedValue(IProperty property, Object value, Boolean setModified)&#xD;
   at N.EntityFrameworkCore.Extensions.DbContextExtensions.SetStoreGeneratedValues[T](DbContext context, T entity, IEnumerable`1 properties, Object[] values) in C:\Users\ttsch\source\N.EntityFrameworkCore.Extensions\N.EntityFrameworkCore.Extensions.Sqlite\Data\DbContextExtensions.cs:line 445&#xD;
   at N.EntityFrameworkCore.Extensions.BulkOperation`1.ExecuteMergeSqlite(Dictionary`2 entityMap, Expression`1 mergeOnCondition, Boolean autoMapOutput, Boolean keepIdentity, Boolean insertIfNotExists, Boolean update, Boolean delete, Boolean preallocatedIds) in C:\Users\ttsch\source\N.EntityFrameworkCore.Extensions\N.EntityFrameworkCore.Extensions.Sqlite\Data\BulkOperation.cs:line 306&#xD;
   at N.EntityFrameworkCore.Extensions.BulkOperation`1.ExecuteMerge(Dictionary`2 entityMap, Expression`1 mergeOnCondition, Boolean autoMapOutput, Boolean keepIdentity, Boolean insertIfNotExists, Boolean update, Boolean delete, Boolean preallocatedIds) in C:\Users\ttsch\source\N.EntityFrameworkCore.Extensions\N.EntityFrameworkCore.Extensions.Sqlite\Data\BulkOperation.cs:line 121&#xD;
   at N.EntityFrameworkCore.Extensions.DbContextExtensions.BulkInsert[T](DbContext context, IEnumerable`1 entities, BulkInsertOptions`1 options) in C:\Users\ttsch\source\N.EntityFrameworkCore.Extensions\N.EntityFrameworkCore.Extensions.Sqlite\Data\DbContextExtensions.cs:line 182&#xD;
   at N.EntityFrameworkCore.Extensions.Test.DbContextExtensions.DbContextExtensionsBase.SetupDbContext(Boolean populateData, PopulateDataMode mode) in C:\Users\ttsch\source\N.EntityFrameworkCore.Extensions\N.EntityFrameworkCore.Extensions.Test\N.EntityFrameworkCore.Extensions.Sqlite.Test\DbContextExtensions\DbContextExtensionsBase.cs:line 101&#xD;
   at N.EntityFrameworkCore.Extensions.Test.DbContextExtensions.BulkFetchAsync.With_Enum() in C:\Users\ttsch\source\N.EntityFrameworkCore.Extensions\N.EntityFrameworkCore.Extensions.Test\N.EntityFrameworkCore.Extensions.Sqlite.Test\DbContextExtensions\BulkFetchAsync.cs:line 47&#xD;
   at Microsoft.VisualStudio.TestPlatform.MSTest.TestAdapter.Execution.TestMethodInfo.ExecuteInternalAsync(Object[] arguments, CancellationTokenSource timeoutTokenSource) in /_/src/Adapter/MSTestAdapter.PlatformServices/Execution/TestMethodInfo.cs:line 408&#xD;
</StackTrace>
        </ErrorInfo>
      </Output>
    </UnitTestResult>
    <UnitTestResult executionId="975a1e7f-1073-4699-b279-c52288578fae" testId="1cbd263a-010f-85b0-a6c9-0b9e99e86694" testName="With_Different_Values" computerName="TIMO-PC" duration="00:00:00.1996593" startTime="2026-05-29T14:12:20.4739141-04:00" endTime="2026-05-29T14:12:20.6736091-04:00" testType="13cdc9d9-ddb5-4fa4-a97d-d965ccfc6d4b" outcome="Failed" testListId="8c84fa94-04c1-424b-9868-57a2d4851a1d" relativeResultsDirectory="975a1e7f-1073-4699-b279-c52288578fae">
      <Output>
        <StdOut>Debug Trace:&#xD;
Last Id for Order is 17151</StdOut>
        <ErrorInfo>
          <Message>Test method N.EntityFrameworkCore.Extensions.Test.DbContextExtensions.DeleteFromQueryAsync.With_Different_Values threw exception:&#xD;
System.InvalidCastException: Unable to cast object of type 'System.Int64' to type 'System.Boolean'.</Message>
          <StackTrace>   at Microsoft.EntityFrameworkCore.ChangeTracking.ValueComparer`1.Equals(Object left, Object right)&#xD;
   at Microsoft.EntityFrameworkCore.ChangeTracking.Internal.InternalEntryBase.SetStoreGeneratedValue(IProperty property, Object value, Boolean setModified)&#xD;
   at N.EntityFrameworkCore.Extensions.DbContextExtensions.SetStoreGeneratedValues[T](DbContext context, T entity, IEnumerable`1 properties, Object[] values) in C:\Users\ttsch\source\N.EntityFrameworkCore.Extensions\N.EntityFrameworkCore.Extensions.Sqlite\Data\DbContextExtensions.cs:line 445&#xD;
   at N.EntityFrameworkCore.Extensions.BulkOperation`1.ExecuteMergeSqlite(Dictionary`2 entityMap, Expression`1 mergeOnCondition, Boolean autoMapOutput, Boolean keepIdentity, Boolean insertIfNotExists, Boolean update, Boolean delete, Boolean preallocatedIds) in C:\Users\ttsch\source\N.EntityFrameworkCore.Extensions\N.EntityFrameworkCore.Extensions.Sqlite\Data\BulkOperation.cs:line 306&#xD;
   at N.EntityFrameworkCore.Extensions.BulkOperation`1.ExecuteMerge(Dictionary`2 entityMap, Expression`1 mergeOnCondition, Boolean autoMapOutput, Boolean keepIdentity, Boolean insertIfNotExists, Boolean update, Boolean delete, Boolean preallocatedIds) in C:\Users\ttsch\source\N.EntityFrameworkCore.Extensions\N.EntityFrameworkCore.Extensions.Sqlite\Data\BulkOperation.cs:line 121&#xD;
   at N.EntityFrameworkCore.Extensions.DbContextExtensions.BulkInsert[T](DbContext context, IEnumerable`1 entities, BulkInsertOptions`1 options) in C:\Users\ttsch\source\N.EntityFrameworkCore.Extensions\N.EntityFrameworkCore.Extensions.Sqlite\Data\DbContextExtensions.cs:line 182&#xD;
   at N.EntityFrameworkCore.Extensions.Test.DbContextExtensions.DbContextExtensionsBase.SetupDbContext(Boolean populateData, PopulateDataMode mode) in C:\Users\ttsch\source\N.EntityFrameworkCore.Extensions\N.EntityFrameworkCore.Extensions.Test\N.EntityFrameworkCore.Extensions.Sqlite.Test\DbContextExtensions\DbContextExtensionsBase.cs:line 101&#xD;
   at N.EntityFrameworkCore.Extensions.Test.DbContextExtensions.DeleteFromQueryAsync.With_Different_Values() in C:\Users\ttsch\source\N.EntityFrameworkCore.Extensions\N.EntityFrameworkCore.Extensions.Test\N.EntityFrameworkCore.Extensions.Sqlite.Test\DbContextExtensions\DeleteFromQueryAsync.cs:line 93&#xD;
   at Microsoft.VisualStudio.TestPlatform.MSTest.TestAdapter.Execution.TestMethodInfo.ExecuteInternalAsync(Object[] arguments, CancellationTokenSource timeoutTokenSource) in /_/src/Adapter/MSTestAdapter.PlatformServices/Execution/TestMethodInfo.cs:line 408&#xD;
</StackTrace>
        </ErrorInfo>
      </Output>
    </UnitTestResult>
    <UnitTestResult executionId="27542940-4359-4583-89f8-46ee3179a118" testId="15184ace-b8aa-8070-a906-b06ce90fb785" testName="With_Update_Changes" computerName="TIMO-PC" duration="00:00:00.2094400" startTime="2026-05-29T14:11:48.4014751-04:00" endTime="2026-05-29T14:11:48.6109529-04:00" testType="13cdc9d9-ddb5-4fa4-a97d-d965ccfc6d4b" outcome="Failed" testListId="8c84fa94-04c1-424b-9868-57a2d4851a1d" relativeResultsDirectory="27542940-4359-4583-89f8-46ee3179a118">
      <Output>
        <StdOut>Debug Trace:&#xD;
Last Id for Order is 17151</StdOut>
        <ErrorInfo>
          <Message>Test method N.EntityFrameworkCore.Extensions.Test.DbContextExtensions.BulkSaveChanges.With_Update_Changes threw exception:&#xD;
System.InvalidCastException: Unable to cast object of type 'System.Int64' to type 'System.Boolean'.</Message>
          <StackTrace>   at Microsoft.EntityFrameworkCore.ChangeTracking.ValueComparer`1.Equals(Object left, Object right)&#xD;
   at Microsoft.EntityFrameworkCore.ChangeTracking.Internal.InternalEntryBase.SetStoreGeneratedValue(IProperty property, Object value, Boolean setModified)&#xD;
   at N.EntityFrameworkCore.Extensions.DbContextExtensions.SetStoreGeneratedValues[T](DbContext context, T entity, IEnumerable`1 properties, Object[] values) in C:\Users\ttsch\source\N.EntityFrameworkCore.Extensions\N.EntityFrameworkCore.Extensions.Sqlite\Data\DbContextExtensions.cs:line 445&#xD;
   at N.EntityFrameworkCore.Extensions.BulkOperation`1.ExecuteMergeSqlite(Dictionary`2 entityMap, Expression`1 mergeOnCondition, Boolean autoMapOutput, Boolean keepIdentity, Boolean insertIfNotExists, Boolean update, Boolean delete, Boolean preallocatedIds) in C:\Users\ttsch\source\N.EntityFrameworkCore.Extensions\N.EntityFrameworkCore.Extensions.Sqlite\Data\BulkOperation.cs:line 306&#xD;
   at N.EntityFrameworkCore.Extensions.BulkOperation`1.ExecuteMerge(Dictionary`2 entityMap, Expression`1 mergeOnCondition, Boolean autoMapOutput, Boolean keepIdentity, Boolean insertIfNotExists, Boolean update, Boolean delete, Boolean preallocatedIds) in C:\Users\ttsch\source\N.EntityFrameworkCore.Extensions\N.EntityFrameworkCore.Extensions.Sqlite\Data\BulkOperation.cs:line 121&#xD;
   at N.EntityFrameworkCore.Extensions.DbContextExtensions.BulkInsert[T](DbContext context, IEnumerable`1 entities, BulkInsertOptions`1 options) in C:\Users\ttsch\source\N.EntityFrameworkCore.Extensions\N.EntityFrameworkCore.Extensions.Sqlite\Data\DbContextExtensions.cs:line 182&#xD;
   at N.EntityFrameworkCore.Extensions.Test.DbContextExtensions.DbContextExtensionsBase.SetupDbContext(Boolean populateData, PopulateDataMode mode) in C:\Users\ttsch\source\N.EntityFrameworkCore.Extensions\N.EntityFrameworkCore.Extensions.Test\N.EntityFrameworkCore.Extensions.Sqlite.Test\DbContextExtensions\DbContextExtensionsBase.cs:line 101&#xD;
   at N.EntityFrameworkCore.Extensions.Test.DbContextExtensions.BulkSaveChanges.With_Update_Changes() in C:\Users\ttsch\source\N.EntityFrameworkCore.Extensions\N.EntityFrameworkCore.Extensions.Test\N.EntityFrameworkCore.Extensions.Sqlite.Test\DbContextExtensions\BulkSaveChanges.cs:line 87&#xD;
   at System.RuntimeMethodHandle.InvokeMethod(ObjectHandleOnStack target, Void** arguments, ObjectHandleOnStack sig, BOOL isConstructor, ObjectHandleOnStack result)&#xD;
   at System.Reflection.MethodBaseInvoker.InterpretedInvoke_Method(Object obj, IntPtr* args)&#xD;
   at System.Reflection.MethodBaseInvoker.InvokeWithNoArgs(Object obj, BindingFlags invokeAttr)&#xD;
</StackTrace>
        </ErrorInfo>
      </Output>
    </UnitTestResult>
    <UnitTestResult executionId="a64176e4-6042-43aa-ba35-da6e13a79f6a" testId="199e9c63-d138-8de0-99d7-046896d016b4" testName="With_Delete_All" computerName="TIMO-PC" duration="00:00:00.2029617" startTime="2026-05-29T14:12:20.2709029-04:00" endTime="2026-05-29T14:12:20.4738993-04:00" testType="13cdc9d9-ddb5-4fa4-a97d-d965ccfc6d4b" outcome="Failed" testListId="8c84fa94-04c1-424b-9868-57a2d4851a1d" relativeResultsDirectory="a64176e4-6042-43aa-ba35-da6e13a79f6a">
      <Output>
        <StdOut>Debug Trace:&#xD;
Last Id for Order is 17151</StdOut>
        <ErrorInfo>
          <Message>Test method N.EntityFrameworkCore.Extensions.Test.DbContextExtensions.DeleteFromQueryAsync.With_Delete_All threw exception:&#xD;
System.InvalidCastException: Unable to cast object of type 'System.Int64' to type 'System.Boolean'.</Message>
          <StackTrace>   at Microsoft.EntityFrameworkCore.ChangeTracking.ValueComparer`1.Equals(Object left, Object right)&#xD;
   at Microsoft.EntityFrameworkCore.ChangeTracking.Internal.InternalEntryBase.SetStoreGeneratedValue(IProperty property, Object value, Boolean setModified)&#xD;
   at N.EntityFrameworkCore.Extensions.DbContextExtensions.SetStoreGeneratedValues[T](DbContext context, T entity, IEnumerable`1 properties, Object[] values) in C:\Users\ttsch\source\N.EntityFrameworkCore.Extensions\N.EntityFrameworkCore.Extensions.Sqlite\Data\DbContextExtensions.cs:line 445&#xD;
   at N.EntityFrameworkCore.Extensions.BulkOperation`1.ExecuteMergeSqlite(Dictionary`2 entityMap, Expression`1 mergeOnCondition, Boolean autoMapOutput, Boolean keepIdentity, Boolean insertIfNotExists, Boolean update, Boolean delete, Boolean preallocatedIds) in C:\Users\ttsch\source\N.EntityFrameworkCore.Extensions\N.EntityFrameworkCore.Extensions.Sqlite\Data\BulkOperation.cs:line 306&#xD;
   at N.EntityFrameworkCore.Extensions.BulkOperation`1.ExecuteMerge(Dictionary`2 entityMap, Expression`1 mergeOnCondition, Boolean autoMapOutput, Boolean keepIdentity, Boolean insertIfNotExists, Boolean update, Boolean delete, Boolean preallocatedIds) in C:\Users\ttsch\source\N.EntityFrameworkCore.Extensions\N.EntityFrameworkCore.Extensions.Sqlite\Data\BulkOperation.cs:line 121&#xD;
   at N.EntityFrameworkCore.Extensions.DbContextExtensions.BulkInsert[T](DbContext context, IEnumerable`1 entities, BulkInsertOptions`1 options) in C:\Users\ttsch\source\N.EntityFrameworkCore.Extensions\N.EntityFrameworkCore.Extensions.Sqlite\Data\DbContextExtensions.cs:line 182&#xD;
   at N.EntityFrameworkCore.Extensions.Test.DbContextExtensions.DbContextExtensionsBase.SetupDbContext(Boolean populateData, PopulateDataMode mode) in C:\Users\ttsch\source\N.EntityFrameworkCore.Extensions\N.EntityFrameworkCore.Extensions.Test\N.EntityFrameworkCore.Extensions.Sqlite.Test\DbContextExtensions\DbContextExtensionsBase.cs:line 101&#xD;
   at N.EntityFrameworkCore.Extensions.Test.DbContextExtensions.DeleteFromQueryAsync.With_Delete_All() in C:\Users\ttsch\source\N.EntityFrameworkCore.Extensions\N.EntityFrameworkCore.Extensions.Test\N.EntityFrameworkCore.Extensions.Sqlite.Test\DbContextExtensions\DeleteFromQueryAsync.cs:line 81&#xD;
   at Microsoft.VisualStudio.TestPlatform.MSTest.TestAdapter.Execution.TestMethodInfo.ExecuteInternalAsync(Object[] arguments, CancellationTokenSource timeoutTokenSource) in /_/src/Adapter/MSTestAdapter.PlatformServices/Execution/TestMethodInfo.cs:line 408&#xD;
</StackTrace>
        </ErrorInfo>
      </Output>
    </UnitTestResult>
    <UnitTestResult executionId="5d6f04ad-7ed9-41ea-956d-e115cee874cc" testId="101ff973-de98-8d8d-b7b5-3b5f8bae6ca6" testName="With_Long_List" computerName="TIMO-PC" duration="00:00:00.2056361" startTime="2026-05-29T14:12:28.7904667-04:00" endTime="2026-05-29T14:12:28.9961381-04:00" testType="13cdc9d9-ddb5-4fa4-a97d-d965ccfc6d4b" outcome="Failed" testListId="8c84fa94-04c1-424b-9868-57a2d4851a1d" relativeResultsDirectory="5d6f04ad-7ed9-41ea-956d-e115cee874cc">
      <Output>
        <StdOut>Debug Trace:&#xD;
Last Id for Order is 17151</StdOut>
        <ErrorInfo>
          <Message>Test method N.EntityFrameworkCore.Extensions.Test.DbContextExtensions.UpdateFromQuery.With_Long_List threw exception:&#xD;
System.InvalidCastException: Unable to cast object of type 'System.Int64' to type 'System.Boolean'.</Message>
          <StackTrace>   at Microsoft.EntityFrameworkCore.ChangeTracking.ValueComparer`1.Equals(Object left, Object right)&#xD;
   at Microsoft.EntityFrameworkCore.ChangeTracking.Internal.InternalEntryBase.SetStoreGeneratedValue(IProperty property, Object value, Boolean setModified)&#xD;
   at N.EntityFrameworkCore.Extensions.DbContextExtensions.SetStoreGeneratedValues[T](DbContext context, T entity, IEnumerable`1 properties, Object[] values) in C:\Users\ttsch\source\N.EntityFrameworkCore.Extensions\N.EntityFrameworkCore.Extensions.Sqlite\Data\DbContextExtensions.cs:line 445&#xD;
   at N.EntityFrameworkCore.Extensions.BulkOperation`1.ExecuteMergeSqlite(Dictionary`2 entityMap, Expression`1 mergeOnCondition, Boolean autoMapOutput, Boolean keepIdentity, Boolean insertIfNotExists, Boolean update, Boolean delete, Boolean preallocatedIds) in C:\Users\ttsch\source\N.EntityFrameworkCore.Extensions\N.EntityFrameworkCore.Extensions.Sqlite\Data\BulkOperation.cs:line 306&#xD;
   at N.EntityFrameworkCore.Extensions.BulkOperation`1.ExecuteMerge(Dictionary`2 entityMap, Expression`1 mergeOnCondition, Boolean autoMapOutput, Boolean keepIdentity, Boolean insertIfNotExists, Boolean update, Boolean delete, Boolean preallocatedIds) in C:\Users\ttsch\source\N.EntityFrameworkCore.Extensions\N.EntityFrameworkCore.Extensions.Sqlite\Data\BulkOperation.cs:line 121&#xD;
   at N.EntityFrameworkCore.Extensions.DbContextExtensions.BulkInsert[T](DbContext context, IEnumerable`1 entities, BulkInsertOptions`1 options) in C:\Users\ttsch\source\N.EntityFrameworkCore.Extensions\N.EntityFrameworkCore.Extensions.Sqlite\Data\DbContextExtensions.cs:line 182&#xD;
   at N.EntityFrameworkCore.Extensions.Test.DbContextExtensions.DbContextExtensionsBase.SetupDbContext(Boolean populateData, PopulateDataMode mode) in C:\Users\ttsch\source\N.EntityFrameworkCore.Extensions\N.EntityFrameworkCore.Extensions.Test\N.EntityFrameworkCore.Extensions.Sqlite.Test\DbContextExtensions\DbContextExtensionsBase.cs:line 101&#xD;
   at N.EntityFrameworkCore.Extensions.Test.DbContextExtensions.UpdateFromQuery.With_Long_List() in C:\Users\ttsch\source\N.EntityFrameworkCore.Extensions\N.EntityFrameworkCore.Extensions.Test\N.EntityFrameworkCore.Extensions.Sqlite.Test\DbContextExtensions\UpdateFromQuery.cs:line 161&#xD;
   at System.RuntimeMethodHandle.InvokeMethod(ObjectHandleOnStack target, Void** arguments, ObjectHandleOnStack sig, BOOL isConstructor, ObjectHandleOnStack result)&#xD;
   at System.Reflection.MethodBaseInvoker.InterpretedInvoke_Method(Object obj, IntPtr* args)&#xD;
   at System.Reflection.MethodBaseInvoker.InvokeWithNoArgs(Object obj, BindingFlags invokeAttr)&#xD;
</StackTrace>
        </ErrorInfo>
      </Output>
    </UnitTestResult>
    <UnitTestResult executionId="a883d8dc-bc70-4f3d-89df-f2acb4589c0e" testId="15908405-dddf-801d-a5ef-994421a5ef1d" testName="With_BulkUpdate" computerName="TIMO-PC" duration="00:00:00.2108225" startTime="2026-05-29T14:12:21.1582071-04:00" endTime="2026-05-29T14:12:21.3690647-04:00" testType="13cdc9d9-ddb5-4fa4-a97d-d965ccfc6d4b" outcome="Failed" testListId="8c84fa94-04c1-424b-9868-57a2d4851a1d" relativeResultsDirectory="a883d8dc-bc70-4f3d-89df-f2acb4589c0e">
      <Output>
        <StdOut>Debug Trace:&#xD;
Last Id for Order is 17151</StdOut>
        <ErrorInfo>
          <Message>Test method N.EntityFrameworkCore.Extensions.Test.DbContextExtensions.Fetch.With_BulkUpdate threw exception:&#xD;
System.InvalidCastException: Unable to cast object of type 'System.Int64' to type 'System.Boolean'.</Message>
          <StackTrace>   at Microsoft.EntityFrameworkCore.ChangeTracking.ValueComparer`1.Equals(Object left, Object right)&#xD;
   at Microsoft.EntityFrameworkCore.ChangeTracking.Internal.InternalEntryBase.SetStoreGeneratedValue(IProperty property, Object value, Boolean setModified)&#xD;
   at N.EntityFrameworkCore.Extensions.DbContextExtensions.SetStoreGeneratedValues[T](DbContext context, T entity, IEnumerable`1 properties, Object[] values) in C:\Users\ttsch\source\N.EntityFrameworkCore.Extensions\N.EntityFrameworkCore.Extensions.Sqlite\Data\DbContextExtensions.cs:line 445&#xD;
   at N.EntityFrameworkCore.Extensions.BulkOperation`1.ExecuteMergeSqlite(Dictionary`2 entityMap, Expression`1 mergeOnCondition, Boolean autoMapOutput, Boolean keepIdentity, Boolean insertIfNotExists, Boolean update, Boolean delete, Boolean preallocatedIds) in C:\Users\ttsch\source\N.EntityFrameworkCore.Extensions\N.EntityFrameworkCore.Extensions.Sqlite\Data\BulkOperation.cs:line 306&#xD;
   at N.EntityFrameworkCore.Extensions.BulkOperation`1.ExecuteMerge(Dictionary`2 entityMap, Expression`1 mergeOnCondition, Boolean autoMapOutput, Boolean keepIdentity, Boolean insertIfNotExists, Boolean update, Boolean delete, Boolean preallocatedIds) in C:\Users\ttsch\source\N.EntityFrameworkCore.Extensions\N.EntityFrameworkCore.Extensions.Sqlite\Data\BulkOperation.cs:line 121&#xD;
   at N.EntityFrameworkCore.Extensions.DbContextExtensions.BulkInsert[T](DbContext context, IEnumerable`1 entities, BulkInsertOptions`1 options) in C:\Users\ttsch\source\N.EntityFrameworkCore.Extensions\N.EntityFrameworkCore.Extensions.Sqlite\Data\DbContextExtensions.cs:line 182&#xD;
   at N.EntityFrameworkCore.Extensions.Test.DbContextExtensions.DbContextExtensionsBase.SetupDbContext(Boolean populateData, PopulateDataMode mode) in C:\Users\ttsch\source\N.EntityFrameworkCore.Extensions\N.EntityFrameworkCore.Extensions.Test\N.EntityFrameworkCore.Extensions.Sqlite.Test\DbContextExtensions\DbContextExtensionsBase.cs:line 101&#xD;
   at N.EntityFrameworkCore.Extensions.Test.DbContextExtensions.Fetch.With_BulkUpdate() in C:\Users\ttsch\source\N.EntityFrameworkCore.Extensions\N.EntityFrameworkCore.Extensions.Test\N.EntityFrameworkCore.Extensions.Sqlite.Test\DbContextExtensions\Fetch.cs:line 39&#xD;
   at System.RuntimeMethodHandle.InvokeMethod(ObjectHandleOnStack target, Void** arguments, ObjectHandleOnStack sig, BOOL isConstructor, ObjectHandleOnStack result)&#xD;
   at System.Reflection.MethodBaseInvoker.InterpretedInvoke_Method(Object obj, IntPtr* args)&#xD;
   at System.Reflection.MethodBaseInvoker.InvokeWithNoArgs(Object obj, BindingFlags invokeAttr)&#xD;
</StackTrace>
        </ErrorInfo>
      </Output>
    </UnitTestResult>
    <UnitTestResult executionId="74241631-640b-412a-a562-16961da6af27" testId="1a261ad3-ab9a-8d16-aa2a-f1d504a2720f" testName="With_Variable_And_Decimal" computerName="TIMO-PC" duration="00:00:00.2077530" startTime="2026-05-29T14:12:30.1589979-04:00" endTime="2026-05-29T14:12:30.3667904-04:00" testType="13cdc9d9-ddb5-4fa4-a97d-d965ccfc6d4b" outcome="Failed" testListId="8c84fa94-04c1-424b-9868-57a2d4851a1d" relativeResultsDirectory="74241631-640b-412a-a562-16961da6af27">
      <Output>
        <StdOut>Debug Trace:&#xD;
Last Id for Order is 17151</StdOut>
        <ErrorInfo>
          <Message>Test method N.EntityFrameworkCore.Extensions.Test.DbContextExtensions.UpdateFromQuery.With_Variable_And_Decimal threw exception:&#xD;
System.InvalidCastException: Unable to cast object of type 'System.Int64' to type 'System.Boolean'.</Message>
          <StackTrace>   at Microsoft.EntityFrameworkCore.ChangeTracking.ValueComparer`1.Equals(Object left, Object right)&#xD;
   at Microsoft.EntityFrameworkCore.ChangeTracking.Internal.InternalEntryBase.SetStoreGeneratedValue(IProperty property, Object value, Boolean setModified)&#xD;
   at N.EntityFrameworkCore.Extensions.DbContextExtensions.SetStoreGeneratedValues[T](DbContext context, T entity, IEnumerable`1 properties, Object[] values) in C:\Users\ttsch\source\N.EntityFrameworkCore.Extensions\N.EntityFrameworkCore.Extensions.Sqlite\Data\DbContextExtensions.cs:line 445&#xD;
   at N.EntityFrameworkCore.Extensions.BulkOperation`1.ExecuteMergeSqlite(Dictionary`2 entityMap, Expression`1 mergeOnCondition, Boolean autoMapOutput, Boolean keepIdentity, Boolean insertIfNotExists, Boolean update, Boolean delete, Boolean preallocatedIds) in C:\Users\ttsch\source\N.EntityFrameworkCore.Extensions\N.EntityFrameworkCore.Extensions.Sqlite\Data\BulkOperation.cs:line 306&#xD;
   at N.EntityFrameworkCore.Extensions.BulkOperation`1.ExecuteMerge(Dictionary`2 entityMap, Expression`1 mergeOnCondition, Boolean autoMapOutput, Boolean keepIdentity, Boolean insertIfNotExists, Boolean update, Boolean delete, Boolean preallocatedIds) in C:\Users\ttsch\source\N.EntityFrameworkCore.Extensions\N.EntityFrameworkCore.Extensions.Sqlite\Data\BulkOperation.cs:line 121&#xD;
   at N.EntityFrameworkCore.Extensions.DbContextExtensions.BulkInsert[T](DbContext context, IEnumerable`1 entities, BulkInsertOptions`1 options) in C:\Users\ttsch\source\N.EntityFrameworkCore.Extensions\N.EntityFrameworkCore.Extensions.Sqlite\Data\DbContextExtensions.cs:line 182&#xD;
   at N.EntityFrameworkCore.Extensions.Test.DbContextExtensions.DbContextExtensionsBase.SetupDbContext(Boolean populateData, PopulateDataMode mode) in C:\Users\ttsch\source\N.EntityFrameworkCore.Extensions\N.EntityFrameworkCore.Extensions.Test\N.EntityFrameworkCore.Extensions.Sqlite.Test\DbContextExtensions\DbContextExtensionsBase.cs:line 101&#xD;
   at N.EntityFrameworkCore.Extensions.Test.DbContextExtensions.UpdateFromQuery.With_Variable_And_Decimal() in C:\Users\ttsch\source\N.EntityFrameworkCore.Extensions\N.EntityFrameworkCore.Extensions.Test\N.EntityFrameworkCore.Extensions.Sqlite.Test\DbContextExtensions\UpdateFromQuery.cs:line 264&#xD;
   at System.RuntimeMethodHandle.InvokeMethod(ObjectHandleOnStack target, Void** arguments, ObjectHandleOnStack sig, BOOL isConstructor, ObjectHandleOnStack result)&#xD;
   at System.Reflection.MethodBaseInvoker.InterpretedInvoke_Method(Object obj, IntPtr* args)&#xD;
   at System.Reflection.MethodBaseInvoker.InvokeWithNoArgs(Object obj, BindingFlags invokeAttr)&#xD;
</StackTrace>
        </ErrorInfo>
      </Output>
    </UnitTestResult>
    <UnitTestResult executionId="4588b7e7-db3e-458f-90e5-9bc9aabe710b" testId="13375865-d849-8343-82cf-f5e1db708766" testName="With_DateTimeOffset_No_UTC_Value" computerName="TIMO-PC" duration="00:00:00.2109740" startTime="2026-05-29T14:12:27.7605622-04:00" endTime="2026-05-29T14:12:27.9715697-04:00" testType="13cdc9d9-ddb5-4fa4-a97d-d965ccfc6d4b" outcome="Failed" testListId="8c84fa94-04c1-424b-9868-57a2d4851a1d" relativeResultsDirectory="4588b7e7-db3e-458f-90e5-9bc9aabe710b">
      <Output>
        <StdOut>Debug Trace:&#xD;
Last Id for Order is 17151</StdOut>
        <ErrorInfo>
          <Message>Test method N.EntityFrameworkCore.Extensions.Test.DbContextExtensions.UpdateFromQuery.With_DateTimeOffset_No_UTC_Value threw exception:&#xD;
System.InvalidCastException: Unable to cast object of type 'System.Int64' to type 'System.Boolean'.</Message>
          <StackTrace>   at Microsoft.EntityFrameworkCore.ChangeTracking.ValueComparer`1.Equals(Object left, Object right)&#xD;
   at Microsoft.EntityFrameworkCore.ChangeTracking.Internal.InternalEntryBase.SetStoreGeneratedValue(IProperty property, Object value, Boolean setModified)&#xD;
   at N.EntityFrameworkCore.Extensions.DbContextExtensions.SetStoreGeneratedValues[T](DbContext context, T entity, IEnumerable`1 properties, Object[] values) in C:\Users\ttsch\source\N.EntityFrameworkCore.Extensions\N.EntityFrameworkCore.Extensions.Sqlite\Data\DbContextExtensions.cs:line 445&#xD;
   at N.EntityFrameworkCore.Extensions.BulkOperation`1.ExecuteMergeSqlite(Dictionary`2 entityMap, Expression`1 mergeOnCondition, Boolean autoMapOutput, Boolean keepIdentity, Boolean insertIfNotExists, Boolean update, Boolean delete, Boolean preallocatedIds) in C:\Users\ttsch\source\N.EntityFrameworkCore.Extensions\N.EntityFrameworkCore.Extensions.Sqlite\Data\BulkOperation.cs:line 306&#xD;
   at N.EntityFrameworkCore.Extensions.BulkOperation`1.ExecuteMerge(Dictionary`2 entityMap, Expression`1 mergeOnCondition, Boolean autoMapOutput, Boolean keepIdentity, Boolean insertIfNotExists, Boolean update, Boolean delete, Boolean preallocatedIds) in C:\Users\ttsch\source\N.EntityFrameworkCore.Extensions\N.EntityFrameworkCore.Extensions.Sqlite\Data\BulkOperation.cs:line 121&#xD;
   at N.EntityFrameworkCore.Extensions.DbContextExtensions.BulkInsert[T](DbContext context, IEnumerable`1 entities, BulkInsertOptions`1 options) in C:\Users\ttsch\source\N.EntityFrameworkCore.Extensions\N.EntityFrameworkCore.Extensions.Sqlite\Data\DbContextExtensions.cs:line 182&#xD;
   at N.EntityFrameworkCore.Extensions.Test.DbContextExtensions.DbContextExtensionsBase.SetupDbContext(Boolean populateData, PopulateDataMode mode) in C:\Users\ttsch\source\N.EntityFrameworkCore.Extensions\N.EntityFrameworkCore.Extensions.Test\N.EntityFrameworkCore.Extensions.Sqlite.Test\DbContextExtensions\DbContextExtensionsBase.cs:line 101&#xD;
   at N.EntityFrameworkCore.Extensions.Test.DbContextExtensions.UpdateFromQuery.With_DateTimeOffset_No_UTC_Value() in C:\Users\ttsch\source\N.EntityFrameworkCore.Extensions\N.EntityFrameworkCore.Extensions.Test\N.EntityFrameworkCore.Extensions.Sqlite.Test\DbContextExtensions\UpdateFromQuery.cs:line 86&#xD;
   at System.RuntimeMethodHandle.InvokeMethod(ObjectHandleOnStack target, Void** arguments, ObjectHandleOnStack sig, BOOL isConstructor, ObjectHandleOnStack result)&#xD;
   at System.Reflection.MethodBaseInvoker.InterpretedInvoke_Method(Object obj, IntPtr* args)&#xD;
   at System.Reflection.MethodBaseInvoker.InvokeWithNoArgs(Object obj, BindingFlags invokeAttr)&#xD;
</StackTrace>
        </ErrorInfo>
      </Output>
    </UnitTestResult>
    <UnitTestResult executionId="d80582b7-dcac-4406-95d4-0e414f4fa671" testId="12954052-dedc-81bc-9c84-e180e71d919c" testName="Without_Identity_Column" computerName="TIMO-PC" duration="00:00:00.2388672" startTime="2026-05-29T14:10:47.7370425-04:00" endTime="2026-05-29T14:10:47.9759737-04:00" testType="13cdc9d9-ddb5-4fa4-a97d-d965ccfc6d4b" outcome="Failed" testListId="8c84fa94-04c1-424b-9868-57a2d4851a1d" relativeResultsDirectory="d80582b7-dcac-4406-95d4-0e414f4fa671">
      <Output>
        <StdOut>Debug Trace:&#xD;
Last Id for Order is 17151</StdOut>
        <ErrorInfo>
          <Message>Test method N.EntityFrameworkCore.Extensions.Test.DbContextExtensions.BulkInsert.Without_Identity_Column threw exception:&#xD;
System.InvalidCastException: Unable to cast object of type 'System.Int64' to type 'System.Boolean'.</Message>
          <StackTrace>   at Microsoft.EntityFrameworkCore.ChangeTracking.ValueComparer`1.Equals(Object left, Object right)&#xD;
   at Microsoft.EntityFrameworkCore.ChangeTracking.Internal.InternalEntryBase.SetStoreGeneratedValue(IProperty property, Object value, Boolean setModified)&#xD;
   at N.EntityFrameworkCore.Extensions.DbContextExtensions.SetStoreGeneratedValues[T](DbContext context, T entity, IEnumerable`1 properties, Object[] values) in C:\Users\ttsch\source\N.EntityFrameworkCore.Extensions\N.EntityFrameworkCore.Extensions.Sqlite\Data\DbContextExtensions.cs:line 445&#xD;
   at N.EntityFrameworkCore.Extensions.BulkOperation`1.ExecuteMergeSqlite(Dictionary`2 entityMap, Expression`1 mergeOnCondition, Boolean autoMapOutput, Boolean keepIdentity, Boolean insertIfNotExists, Boolean update, Boolean delete, Boolean preallocatedIds) in C:\Users\ttsch\source\N.EntityFrameworkCore.Extensions\N.EntityFrameworkCore.Extensions.Sqlite\Data\BulkOperation.cs:line 306&#xD;
   at N.EntityFrameworkCore.Extensions.BulkOperation`1.ExecuteMerge(Dictionary`2 entityMap, Expression`1 mergeOnCondition, Boolean autoMapOutput, Boolean keepIdentity, Boolean insertIfNotExists, Boolean update, Boolean delete, Boolean preallocatedIds) in C:\Users\ttsch\source\N.EntityFrameworkCore.Extensions\N.EntityFrameworkCore.Extensions.Sqlite\Data\BulkOperation.cs:line 121&#xD;
   at N.EntityFrameworkCore.Extensions.DbContextExtensions.BulkInsert[T](DbContext context, IEnumerable`1 entities, BulkInsertOptions`1 options) in C:\Users\ttsch\source\N.EntityFrameworkCore.Extensions\N.EntityFrameworkCore.Extensions.Sqlite\Data\DbContextExtensions.cs:line 182&#xD;
   at N.EntityFrameworkCore.Extensions.Test.DbContextExtensions.DbContextExtensionsBase.SetupDbContext(Boolean populateData, PopulateDataMode mode) in C:\Users\ttsch\source\N.EntityFrameworkCore.Extensions\N.EntityFrameworkCore.Extensions.Test\N.EntityFrameworkCore.Extensions.Sqlite.Test\DbContextExtensions\DbContextExtensionsBase.cs:line 101&#xD;
   at N.EntityFrameworkCore.Extensions.Test.DbContextExtensions.BulkInsert.Without_Identity_Column() in C:\Users\ttsch\source\N.EntityFrameworkCore.Extensions\N.EntityFrameworkCore.Extensions.Test\N.EntityFrameworkCore.Extensions.Sqlite.Test\DbContextExtensions\BulkInsert.cs:line 197&#xD;
   at System.RuntimeMethodHandle.InvokeMethod(ObjectHandleOnStack target, Void** arguments, ObjectHandleOnStack sig, BOOL isConstructor, ObjectHandleOnStack result)&#xD;
   at System.Reflection.MethodBaseInvoker.InterpretedInvoke_Method(Object obj, IntPtr* args)&#xD;
   at System.Reflection.MethodBaseInvoker.InvokeWithNoArgs(Object obj, BindingFlags invokeAttr)&#xD;
</StackTrace>
        </ErrorInfo>
      </Output>
    </UnitTestResult>
    <UnitTestResult executionId="22b83d69-7c9d-4f2c-998b-c019d00d7805" testId="19e82f72-d6c2-8a6a-ba3f-511c7d274300" testName="With_Options_UpdateOnCondition_Enum" computerName="TIMO-PC" duration="00:00:00.2189206" startTime="2026-05-29T14:12:13.8648899-04:00" endTime="2026-05-29T14:12:14.0838458-04:00" testType="13cdc9d9-ddb5-4fa4-a97d-d965ccfc6d4b" outcome="Failed" testListId="8c84fa94-04c1-424b-9868-57a2d4851a1d" relativeResultsDirectory="22b83d69-7c9d-4f2c-998b-c019d00d7805">
      <Output>
        <StdOut>Debug Trace:&#xD;
Last Id for Order is 17151</StdOut>
        <ErrorInfo>
          <Message>Test method N.EntityFrameworkCore.Extensions.Test.DbContextExtensions.BulkUpdate.With_Options_UpdateOnCondition_Enum threw exception:&#xD;
System.InvalidCastException: Unable to cast object of type 'System.Int64' to type 'System.Boolean'.</Message>
          <StackTrace>   at Microsoft.EntityFrameworkCore.ChangeTracking.ValueComparer`1.Equals(Object left, Object right)&#xD;
   at Microsoft.EntityFrameworkCore.ChangeTracking.Internal.InternalEntryBase.SetStoreGeneratedValue(IProperty property, Object value, Boolean setModified)&#xD;
   at N.EntityFrameworkCore.Extensions.DbContextExtensions.SetStoreGeneratedValues[T](DbContext context, T entity, IEnumerable`1 properties, Object[] values) in C:\Users\ttsch\source\N.EntityFrameworkCore.Extensions\N.EntityFrameworkCore.Extensions.Sqlite\Data\DbContextExtensions.cs:line 445&#xD;
   at N.EntityFrameworkCore.Extensions.BulkOperation`1.ExecuteMergeSqlite(Dictionary`2 entityMap, Expression`1 mergeOnCondition, Boolean autoMapOutput, Boolean keepIdentity, Boolean insertIfNotExists, Boolean update, Boolean delete, Boolean preallocatedIds) in C:\Users\ttsch\source\N.EntityFrameworkCore.Extensions\N.EntityFrameworkCore.Extensions.Sqlite\Data\BulkOperation.cs:line 306&#xD;
   at N.EntityFrameworkCore.Extensions.BulkOperation`1.ExecuteMerge(Dictionary`2 entityMap, Expression`1 mergeOnCondition, Boolean autoMapOutput, Boolean keepIdentity, Boolean insertIfNotExists, Boolean update, Boolean delete, Boolean preallocatedIds) in C:\Users\ttsch\source\N.EntityFrameworkCore.Extensions\N.EntityFrameworkCore.Extensions.Sqlite\Data\BulkOperation.cs:line 121&#xD;
   at N.EntityFrameworkCore.Extensions.DbContextExtensions.BulkInsert[T](DbContext context, IEnumerable`1 entities, BulkInsertOptions`1 options) in C:\Users\ttsch\source\N.EntityFrameworkCore.Extensions\N.EntityFrameworkCore.Extensions.Sqlite\Data\DbContextExtensions.cs:line 182&#xD;
   at N.EntityFrameworkCore.Extensions.Test.DbContextExtensions.DbContextExtensionsBase.SetupDbContext(Boolean populateData, PopulateDataMode mode) in C:\Users\ttsch\source\N.EntityFrameworkCore.Extensions\N.EntityFrameworkCore.Extensions.Test\N.EntityFrameworkCore.Extensions.Sqlite.Test\DbContextExtensions\DbContextExtensionsBase.cs:line 101&#xD;
   at N.EntityFrameworkCore.Extensions.Test.DbContextExtensions.BulkUpdate.With_Options_UpdateOnCondition_Enum() in C:\Users\ttsch\source\N.EntityFrameworkCore.Extensions\N.EntityFrameworkCore.Extensions.Test\N.EntityFrameworkCore.Extensions.Sqlite.Test\DbContextExtensions\BulkUpdate.cs:line 202&#xD;
   at System.RuntimeMethodHandle.InvokeMethod(ObjectHandleOnStack target, Void** arguments, ObjectHandleOnStack sig, BOOL isConstructor, ObjectHandleOnStack result)&#xD;
   at System.Reflection.MethodBaseInvoker.InterpretedInvoke_Method(Object obj, IntPtr* args)&#xD;
   at System.Reflection.MethodBaseInvoker.InvokeWithNoArgs(Object obj, BindingFlags invokeAttr)&#xD;
</StackTrace>
        </ErrorInfo>
      </Output>
    </UnitTestResult>
    <UnitTestResult executionId="c314864d-b3ba-4c77-a7dc-1c72f446088b" testId="107b0d3a-7c48-8ed6-9299-c155820b4acc" testName="With_Default_Options" computerName="TIMO-PC" duration="00:00:00.2056192" startTime="2026-05-29T14:12:25.4426630-04:00" endTime="2026-05-29T14:12:25.6483576-04:00" testType="13cdc9d9-ddb5-4fa4-a97d-d965ccfc6d4b" outcome="Failed" testListId="8c84fa94-04c1-424b-9868-57a2d4851a1d" relativeResultsDirectory="c314864d-b3ba-4c77-a7dc-1c72f446088b">
      <Output>
        <StdOut>Debug Trace:&#xD;
Last Id for Order is 17151</StdOut>
        <ErrorInfo>
          <Message>Test method N.EntityFrameworkCore.Extensions.Test.DbContextExtensions.QueryToCsvFile.With_Default_Options threw exception:&#xD;
System.InvalidCastException: Unable to cast object of type 'System.Int64' to type 'System.Boolean'.</Message>
          <StackTrace>   at Microsoft.EntityFrameworkCore.ChangeTracking.ValueComparer`1.Equals(Object left, Object right)&#xD;
   at Microsoft.EntityFrameworkCore.ChangeTracking.Internal.InternalEntryBase.SetStoreGeneratedValue(IProperty property, Object value, Boolean setModified)&#xD;
   at N.EntityFrameworkCore.Extensions.DbContextExtensions.SetStoreGeneratedValues[T](DbContext context, T entity, IEnumerable`1 properties, Object[] values) in C:\Users\ttsch\source\N.EntityFrameworkCore.Extensions\N.EntityFrameworkCore.Extensions.Sqlite\Data\DbContextExtensions.cs:line 445&#xD;
   at N.EntityFrameworkCore.Extensions.BulkOperation`1.ExecuteMergeSqlite(Dictionary`2 entityMap, Expression`1 mergeOnCondition, Boolean autoMapOutput, Boolean keepIdentity, Boolean insertIfNotExists, Boolean update, Boolean delete, Boolean preallocatedIds) in C:\Users\ttsch\source\N.EntityFrameworkCore.Extensions\N.EntityFrameworkCore.Extensions.Sqlite\Data\BulkOperation.cs:line 306&#xD;
   at N.EntityFrameworkCore.Extensions.BulkOperation`1.ExecuteMerge(Dictionary`2 entityMap, Expression`1 mergeOnCondition, Boolean autoMapOutput, Boolean keepIdentity, Boolean insertIfNotExists, Boolean update, Boolean delete, Boolean preallocatedIds) in C:\Users\ttsch\source\N.EntityFrameworkCore.Extensions\N.EntityFrameworkCore.Extensions.Sqlite\Data\BulkOperation.cs:line 121&#xD;
   at N.EntityFrameworkCore.Extensions.DbContextExtensions.BulkInsert[T](DbContext context, IEnumerable`1 entities, BulkInsertOptions`1 options) in C:\Users\ttsch\source\N.EntityFrameworkCore.Extensions\N.EntityFrameworkCore.Extensions.Sqlite\Data\DbContextExtensions.cs:line 182&#xD;
   at N.EntityFrameworkCore.Extensions.Test.DbContextExtensions.DbContextExtensionsBase.SetupDbContext(Boolean populateData, PopulateDataMode mode) in C:\Users\ttsch\source\N.EntityFrameworkCore.Extensions\N.EntityFrameworkCore.Extensions.Test\N.EntityFrameworkCore.Extensions.Sqlite.Test\DbContextExtensions\DbContextExtensionsBase.cs:line 101&#xD;
   at N.EntityFrameworkCore.Extensions.Test.DbContextExtensions.QueryToCsvFile.With_Default_Options() in C:\Users\ttsch\source\N.EntityFrameworkCore.Extensions\N.EntityFrameworkCore.Extensions.Test\N.EntityFrameworkCore.Extensions.Sqlite.Test\DbContextExtensions\QueryToCsvFile.cs:line 13&#xD;
   at System.RuntimeMethodHandle.InvokeMethod(ObjectHandleOnStack target, Void** arguments, ObjectHandleOnStack sig, BOOL isConstructor, ObjectHandleOnStack result)&#xD;
   at System.Reflection.MethodBaseInvoker.InterpretedInvoke_Method(Object obj, IntPtr* args)&#xD;
   at System.Reflection.MethodBaseInvoker.InvokeWithNoArgs(Object obj, BindingFlags invokeAttr)&#xD;
</StackTrace>
        </ErrorInfo>
      </Output>
    </UnitTestResult>
    <UnitTestResult executionId="e68fc8fc-dad2-4e7b-a57f-a2eb3670ffae" testId="1b157c55-f24f-8a87-b449-521f9b2fa165" testName="With_Enum_Value" computerName="TIMO-PC" duration="00:00:00.2242090" startTime="2026-05-29T14:12:28.3689697-04:00" endTime="2026-05-29T14:12:28.5932133-04:00" testType="13cdc9d9-ddb5-4fa4-a97d-d965ccfc6d4b" outcome="Failed" testListId="8c84fa94-04c1-424b-9868-57a2d4851a1d" relativeResultsDirectory="e68fc8fc-dad2-4e7b-a57f-a2eb3670ffae">
      <Output>
        <StdOut>Debug Trace:&#xD;
Last Id for Order is 17151</StdOut>
        <ErrorInfo>
          <Message>Test method N.EntityFrameworkCore.Extensions.Test.DbContextExtensions.UpdateFromQuery.With_Enum_Value threw exception:&#xD;
System.InvalidCastException: Unable to cast object of type 'System.Int64' to type 'System.Boolean'.</Message>
          <StackTrace>   at Microsoft.EntityFrameworkCore.ChangeTracking.ValueComparer`1.Equals(Object left, Object right)&#xD;
   at Microsoft.EntityFrameworkCore.ChangeTracking.Internal.InternalEntryBase.SetStoreGeneratedValue(IProperty property, Object value, Boolean setModified)&#xD;
   at N.EntityFrameworkCore.Extensions.DbContextExtensions.SetStoreGeneratedValues[T](DbContext context, T entity, IEnumerable`1 properties, Object[] values) in C:\Users\ttsch\source\N.EntityFrameworkCore.Extensions\N.EntityFrameworkCore.Extensions.Sqlite\Data\DbContextExtensions.cs:line 445&#xD;
   at N.EntityFrameworkCore.Extensions.BulkOperation`1.ExecuteMergeSqlite(Dictionary`2 entityMap, Expression`1 mergeOnCondition, Boolean autoMapOutput, Boolean keepIdentity, Boolean insertIfNotExists, Boolean update, Boolean delete, Boolean preallocatedIds) in C:\Users\ttsch\source\N.EntityFrameworkCore.Extensions\N.EntityFrameworkCore.Extensions.Sqlite\Data\BulkOperation.cs:line 306&#xD;
   at N.EntityFrameworkCore.Extensions.BulkOperation`1.ExecuteMerge(Dictionary`2 entityMap, Expression`1 mergeOnCondition, Boolean autoMapOutput, Boolean keepIdentity, Boolean insertIfNotExists, Boolean update, Boolean delete, Boolean preallocatedIds) in C:\Users\ttsch\source\N.EntityFrameworkCore.Extensions\N.EntityFrameworkCore.Extensions.Sqlite\Data\BulkOperation.cs:line 121&#xD;
   at N.EntityFrameworkCore.Extensions.DbContextExtensions.BulkInsert[T](DbContext context, IEnumerable`1 entities, BulkInsertOptions`1 options) in C:\Users\ttsch\source\N.EntityFrameworkCore.Extensions\N.EntityFrameworkCore.Extensions.Sqlite\Data\DbContextExtensions.cs:line 182&#xD;
   at N.EntityFrameworkCore.Extensions.Test.DbContextExtensions.DbContextExtensionsBase.SetupDbContext(Boolean populateData, PopulateDataMode mode) in C:\Users\ttsch\source\N.EntityFrameworkCore.Extensions\N.EntityFrameworkCore.Extensions.Test\N.EntityFrameworkCore.Extensions.Sqlite.Test\DbContextExtensions\DbContextExtensionsBase.cs:line 101&#xD;
   at N.EntityFrameworkCore.Extensions.Test.DbContextExtensions.UpdateFromQuery.With_Enum_Value() in C:\Users\ttsch\source\N.EntityFrameworkCore.Extensions\N.EntityFrameworkCore.Extensions.Test\N.EntityFrameworkCore.Extensions.Sqlite.Test\DbContextExtensions\UpdateFromQuery.cs:line 132&#xD;
   at System.RuntimeMethodHandle.InvokeMethod(ObjectHandleOnStack target, Void** arguments, ObjectHandleOnStack sig, BOOL isConstructor, ObjectHandleOnStack result)&#xD;
   at System.Reflection.MethodBaseInvoker.InterpretedInvoke_Method(Object obj, IntPtr* args)&#xD;
   at System.Reflection.MethodBaseInvoker.InvokeWithNoArgs(Object obj, BindingFlags invokeAttr)&#xD;
</StackTrace>
        </ErrorInfo>
      </Output>
    </UnitTestResult>
    <UnitTestResult executionId="dcf45fe8-7082-47a9-aa42-bef4f0014ff4" testId="1628b842-85ea-8118-ac7d-40fee32e227b" testName="With_Inheritance_Tpc" computerName="TIMO-PC" duration="00:00:00.1285550" startTime="2026-05-29T14:12:14.7261171-04:00" endTime="2026-05-29T14:12:14.8547066-04:00" testType="13cdc9d9-ddb5-4fa4-a97d-d965ccfc6d4b" outcome="Passed" testListId="8c84fa94-04c1-424b-9868-57a2d4851a1d" relativeResultsDirectory="dcf45fe8-7082-47a9-aa42-bef4f0014ff4" />
    <UnitTestResult executionId="df8aba7a-0a21-4867-bd4a-3dbb53398515" testId="17dc85f0-9871-8aab-9788-c4302cdfb665" testName="Should_handle_int" computerName="TIMO-PC" duration="00:00:00.0078924" startTime="2026-05-29T14:10:13.8485401-04:00" endTime="2026-05-29T14:10:13.8739543-04:00" testType="13cdc9d9-ddb5-4fa4-a97d-d965ccfc6d4b" outcome="Passed" testListId="8c84fa94-04c1-424b-9868-57a2d4851a1d" relativeResultsDirectory="df8aba7a-0a21-4867-bd4a-3dbb53398515" />
    <UnitTestResult executionId="497f6356-391a-417a-89b7-de707891d98e" testId="16221468-c782-8986-bdac-d0dccb2891c5" testName="With_ValueGenerated_Default" computerName="TIMO-PC" duration="00:00:00.2093763" startTime="2026-05-29T14:11:08.6050318-04:00" endTime="2026-05-29T14:11:08.8144553-04:00" testType="13cdc9d9-ddb5-4fa4-a97d-d965ccfc6d4b" outcome="Failed" testListId="8c84fa94-04c1-424b-9868-57a2d4851a1d" relativeResultsDirectory="497f6356-391a-417a-89b7-de707891d98e">
      <Output>
        <ErrorInfo>
          <Message>Assert.IsTrue failed. 'condition' expression: 'newTotal - oldTotal == rowsInserted'. The new count minus the old count should match the number of rows inserted.</Message>
          <StackTrace>   at Microsoft.VisualStudio.TestTools.UnitTesting.Assert.ThrowAssertIsTrueFailed(String message) in /_/src/TestFramework/TestFramework/Assertions/Assert.IsTrue.cs:line 161&#xD;
   at Microsoft.VisualStudio.TestTools.UnitTesting.Assert.IsTrue(Nullable`1 condition, String message, String conditionExpression) in /_/src/TestFramework/TestFramework/Assertions/Assert.IsTrue.cs:line 153&#xD;
   at N.EntityFrameworkCore.Extensions.Test.DbContextExtensions.BulkInsert.With_ValueGenerated_Default() in C:\Users\ttsch\source\N.EntityFrameworkCore.Extensions\N.EntityFrameworkCore.Extensions.Test\N.EntityFrameworkCore.Extensions.Sqlite.Test\DbContextExtensions\BulkInsert.cs:line 438&#xD;
   at System.RuntimeMethodHandle.InvokeMethod(ObjectHandleOnStack target, Void** arguments, ObjectHandleOnStack sig, BOOL isConstructor, ObjectHandleOnStack result)&#xD;
   at System.Reflection.MethodBaseInvoker.InterpretedInvoke_Method(Object obj, IntPtr* args)&#xD;
   at System.Reflection.MethodBaseInvoker.InvokeWithNoArgs(Object obj, BindingFlags invokeAttr)</StackTrace>
        </ErrorInfo>
      </Output>
    </UnitTestResult>
[...]
    <TestEntry testId="11c9b9e5-b208-8e74-a244-4b63f8d092c3" executionId="0a36a274-baec-4338-a2cc-9b52a1a4471f" testListId="8c84fa94-04c1-424b-9868-57a2d4851a1d" />
    <TestEntry testId="1c632d93-f279-8442-9ce9-570ca52018fd" executionId="31be15f8-6b18-49dd-8813-5fd06e6b73b0" testListId="8c84fa94-04c1-424b-9868-57a2d4851a1d" />
    <TestEntry testId="1aa8ce93-b866-805a-ac90-2444b423a6fc" executionId="235d1e06-2cf9-4ba0-8432-4f4dddc69917" testListId="8c84fa94-04c1-424b-9868-57a2d4851a1d" />
    <TestEntry testId="19daa142-658d-82f1-890b-9be3def18ce2" executionId="771a48ec-b6da-4591-bcda-c0d2347c8bbe" testListId="8c84fa94-04c1-424b-9868-57a2d4851a1d" />
    <TestEntry testId="11003951-2c2b-8b59-b1c1-289f44e7e8e0" executionId="c1e85b36-09f2-4cde-8c01-0b2ce362f453" testListId="8c84fa94-04c1-424b-9868-57a2d4851a1d" />
    <TestEntry testId="10c70e36-2df5-84e0-880d-552c5b383e94" executionId="84aeb532-a4f8-4afc-ba2f-673802b546f5" testListId="8c84fa94-04c1-424b-9868-57a2d4851a1d" />
    <TestEntry testId="129875cb-7df4-88a4-99ff-4961c7ae9d5e" executionId="3cccbe22-a062-4efe-a0dd-5632f2ca829c" testListId="8c84fa94-04c1-424b-9868-57a2d4851a1d" />
    <TestEntry testId="1d81b979-b8e8-8c70-a8d5-27ff46a60432" executionId="067e5f67-b052-4735-9f04-3f7232dc1917" testListId="8c84fa94-04c1-424b-9868-57a2d4851a1d" />
    <TestEntry testId="147b6239-4619-810c-b2a9-b6cc4c8f64e2" executionId="4215e69c-4852-4f21-b0c6-f382cac403fd" testListId="8c84fa94-04c1-424b-9868-57a2d4851a1d" />
    <TestEntry testId="1189e858-8722-841c-b756-2685f40fb62b" executionId="dfa20988-1d29-477d-9524-f7151ffbeddb" testListId="8c84fa94-04c1-424b-9868-57a2d4851a1d" />
    <TestEntry testId="1c0679a3-1e04-8b8f-9888-3e798ee23f7d" executionId="d4cae9af-c610-4a0d-b5fb-78cca96449bd" testListId="8c84fa94-04c1-424b-9868-57a2d4851a1d" />
    <TestEntry testId="1c2b2176-9fc5-8e42-92c7-62462baea1ae" executionId="647ea879-deb9-47f4-9147-a7ef9b847e55" testListId="8c84fa94-04c1-424b-9868-57a2d4851a1d" />
    <TestEntry testId="16e1117d-3345-831c-a255-272a683b3787" executionId="22b94e65-6231-4584-9ffb-01b706705498" testListId="8c84fa94-04c1-424b-9868-57a2d4851a1d" />
    <TestEntry testId="14941208-d9f0-89cc-9432-a699debff721" executionId="9980786a-286a-466e-b33b-215cbe98d8be" testListId="8c84fa94-04c1-424b-9868-57a2d4851a1d" />
    <TestEntry testId="1207fa23-100a-8f50-89b3-3526acf52b5b" executionId="c4c08fb5-cae5-4630-bfc4-cce4fb446e2b" testListId="8c84fa94-04c1-424b-9868-57a2d4851a1d" />
    <TestEntry testId="101c8cf4-b067-85b2-8f80-92484418befb" executionId="2433be95-a058-46bd-bf12-3de4630eea24" testListId="8c84fa94-04c1-424b-9868-57a2d4851a1d" />
    <TestEntry testId="1c552c90-0c37-8b43-9fa2-a1c3ac5e4785" executionId="e0535775-ce4c-4680-a3a5-fabe96401165" testListId="8c84fa94-04c1-424b-9868-57a2d4851a1d" />
    <TestEntry testId="10911bc0-2a61-8747-9388-8b17804d6f4f" executionId="5b03bc60-6716-4899-93d8-5eb205c8bfc9" testListId="8c84fa94-04c1-424b-9868-57a2d4851a1d" />
    <TestEntry testId="1e3c095a-35c3-801b-b5a4-5084d8f2b511" executionId="2787193b-8875-4515-a8e8-1f4eb531a2d3" testListId="8c84fa94-04c1-424b-9868-57a2d4851a1d" />
    <TestEntry testId="1deff94c-92c1-8967-abee-239498e80668" executionId="dea24a92-e893-40cb-a0ee-dce7308abf88" testListId="8c84fa94-04c1-424b-9868-57a2d4851a1d" />
    <TestEntry testId="1396b16b-81a0-8a82-9585-75aa15fa4d30" executionId="40fa914a-a8ce-4d49-9b93-68a5eef0d01f" testListId="8c84fa94-04c1-424b-9868-57a2d4851a1d" />
    <TestEntry testId="16626e08-48ab-8787-b5f7-34012735c818" executionId="53067400-530e-4ee1-bf4f-460b3564fab1" testListId="8c84fa94-04c1-424b-9868-57a2d4851a1d" />
    <TestEntry testId="13cc337a-b498-8666-8adc-f811a8589e8c" executionId="83b942f7-d064-485d-9fab-b018f4f2e5ef" testListId="8c84fa94-04c1-424b-9868-57a2d4851a1d" />
    <TestEntry testId="1d34829d-6962-8084-828a-df666337b73e" executionId="eefe4624-4eef-478e-a80e-cbd150ced536" testListId="8c84fa94-04c1-424b-9868-57a2d4851a1d" />
    <TestEntry testId="1b9d11cb-d3aa-865b-82ad-1c11fbb54de1" executionId="c3ba2413-4474-4397-bf1c-8e1c44a67a49" testListId="8c84fa94-04c1-424b-9868-57a2d4851a1d" />
    <TestEntry testId="1096a012-860d-811e-bc42-2cd3e37339c8" executionId="39bca452-a826-40e2-8637-39335f0fe131" testListId="8c84fa94-04c1-424b-9868-57a2d4851a1d" />
    <TestEntry testId="10bac695-04ed-83d4-a0b0-1104d6953f61" executionId="1d25a879-24bc-410e-9318-f7a7a0b3a7ed" testListId="8c84fa94-04c1-424b-9868-57a2d4851a1d" />
    <TestEntry testId="1ef5e1e2-c4b5-831d-abfa-8f45bf55c83c" executionId="0049daf1-5751-48f3-87e7-0ad0c1ad5ea2" testListId="8c84fa94-04c1-424b-9868-57a2d4851a1d" />
    <TestEntry testId="1c6bde24-c68d-8134-a547-0f2f56862c2b" executionId="71dfaa8b-4e02-45f4-9c26-ee625858699a" testListId="8c84fa94-04c1-424b-9868-57a2d4851a1d" />
    <TestEntry testId="18824488-eb09-8a99-b813-cbacec012b92" executionId="0c1dd316-3e2e-4156-bf77-34c0113e36d8" testListId="8c84fa94-04c1-424b-9868-57a2d4851a1d" />
    <TestEntry testId="1803d21d-a57b-8656-964e-a052027a5aa4" executionId="e256eabb-b770-4cc8-a461-97aec146474f" testListId="8c84fa94-04c1-424b-9868-57a2d4851a1d" />
    <TestEntry testId="19a3616a-b12b-8e83-b6cd-3570e28bcbd8" executionId="fe65e654-8f9a-4501-9014-de14161d19a7" testListId="8c84fa94-04c1-424b-9868-57a2d4851a1d" />
    <TestEntry testId="156ff833-ea16-8a3b-8d02-d34ff17d1e69" executionId="c9bc5ac3-d6f7-4372-989a-be74b77eed76" testListId="8c84fa94-04c1-424b-9868-57a2d4851a1d" />
    <TestEntry testId="15e23b36-bf88-82b2-91c6-56510e064145" executionId="f9d39683-e751-40fc-876a-730af11dfbb3" testListId="8c84fa94-04c1-424b-9868-57a2d4851a1d" />
    <TestEntry testId="1e799740-5f7e-80d7-bbff-5e4522b0aea7" executionId="ed2a54b4-77aa-4f43-832b-84775ef0a2e1" testListId="8c84fa94-04c1-424b-9868-57a2d4851a1d" />
    <TestEntry testId="161e351e-b980-8932-8c79-b80bb1c8f0e3" executionId="7a0dce92-3555-4ef2-8d63-64e9d407c77b" testListId="8c84fa94-04c1-424b-9868-57a2d4851a1d" />
    <TestEntry testId="130f410e-5a2a-818d-b86f-68a73236c60b" executionId="65413c57-8ec1-4de7-b6c1-6732e8ea33f6" testListId="8c84fa94-04c1-424b-9868-57a2d4851a1d" />
    <TestEntry testId="1c728178-3297-8f29-92b8-3604d2428ff6" executionId="71275aa9-6d97-4a6b-a0ff-fd0ad4c0b0ae" testListId="8c84fa94-04c1-424b-9868-57a2d4851a1d" />
    <TestEntry testId="1ffc13a3-55f3-8776-89b3-7802bcedf8bc" executionId="abce4fe8-c824-44cb-8c38-d6f549e6938d" testListId="8c84fa94-04c1-424b-9868-57a2d4851a1d" />
    <TestEntry testId="1ecc6732-b551-896e-964e-80a8ee876d4b" executionId="fe02a9f5-1c40-44c9-a833-dda178e7823f" testListId="8c84fa94-04c1-424b-9868-57a2d4851a1d" />
    <TestEntry testId="1593b74e-4946-8989-a8e3-d5481c843557" executionId="ba0c94f3-e6e7-4362-a539-a3e5edba68e0" testListId="8c84fa94-04c1-424b-9868-57a2d4851a1d" />
    <TestEntry testId="14034486-87de-85a2-8734-0a727ce9b598" executionId="af057a76-73b5-4755-b984-4bc586132eb7" testListId="8c84fa94-04c1-424b-9868-57a2d4851a1d" />
    <TestEntry testId="1e98dd28-0d45-806a-b5cd-6750f825fb7d" executionId="b6dc1003-eea4-46fc-a26a-513e2e131cff" testListId="8c84fa94-04c1-424b-9868-57a2d4851a1d" />
    <TestEntry testId="16294d8c-e191-8c17-9a95-2c07c1265623" executionId="b8a87a31-99c2-4a80-87b9-cfe2d57219b8" testListId="8c84fa94-04c1-424b-9868-57a2d4851a1d" />
    <TestEntry testId="156deb96-0e25-8cc8-97a4-1bd585bc9b06" executionId="25ad5596-4b23-4f19-b55e-d830b538965a" testListId="8c84fa94-04c1-424b-9868-57a2d4851a1d" />
    <TestEntry testId="1ae6bd6b-aabb-858f-aa6e-ecbd523162ce" executionId="273f834b-ec76-4391-9ca2-46940b1ffb71" testListId="8c84fa94-04c1-424b-9868-57a2d4851a1d" />
    <TestEntry testId="136119c9-325e-889c-b932-5a57d25b1aa4" executionId="83947c3d-f3b9-4ae8-b6d4-472e73f55ea7" testListId="8c84fa94-04c1-424b-9868-57a2d4851a1d" />
    <TestEntry testId="149c372d-3a8d-81ad-aa0d-b75ba11804fa" executionId="d8ff1f33-efdc-451e-9c63-7b2ba5e1d032" testListId="8c84fa94-04c1-424b-9868-57a2d4851a1d" />
    <TestEntry testId="1d43c7c5-08b1-8332-bb3b-7d518f7836c6" executionId="e83ee53f-b9b5-4b25-bc19-be014cb7aca4" testListId="8c84fa94-04c1-424b-9868-57a2d4851a1d" />
    <TestEntry testId="1671309c-bfdc-8b02-817d-7a6816200c19" executionId="a9427810-d2f3-4489-b524-6c37302c5799" testListId="8c84fa94-04c1-424b-9868-57a2d4851a1d" />
    <TestEntry testId="12caba1b-9aad-8449-b2e3-4a616e3d98ad" executionId="5042f0e0-a639-4b47-b1b7-2d6b8e4d34fb" testListId="8c84fa94-04c1-424b-9868-57a2d4851a1d" />
    <TestEntry testId="1a30d139-6fe7-8f67-ac3c-486599fd54bb" executionId="4126acd5-8d6e-413d-81b3-281c1f3801f8" testListId="8c84fa94-04c1-424b-9868-57a2d4851a1d" />
    <TestEntry testId="1eb75415-54f7-8ae2-997a-b237de55e8d7" executionId="c3dc2d22-8356-4b86-b7d5-1268b2664e57" testListId="8c84fa94-04c1-424b-9868-57a2d4851a1d" />
    <TestEntry testId="1e66cc7b-d5e8-8516-8445-acb04ca06d08" executionId="9a64cb24-c743-45fb-84df-dbc1a01f0349" testListId="8c84fa94-04c1-424b-9868-57a2d4851a1d" />
    <TestEntry testId="1323ad1f-f8a2-8abf-9582-152d7c93f6af" executionId="2e805f20-8939-4f48-b7ab-e165360da2dd" testListId="8c84fa94-04c1-424b-9868-57a2d4851a1d" />
    <TestEntry testId="19d50e01-e353-8148-860e-b4c0d847ff55" executionId="1283919c-84cd-4198-9d4e-e0ace9609f6d" testListId="8c84fa94-04c1-424b-9868-57a2d4851a1d" />
    <TestEntry testId="1f2ca660-470b-8f1c-8eb9-64e761d3c6dc" executionId="3ff59984-ff5f-46fe-ba52-ee3b47274f95" testListId="8c84fa94-04c1-424b-9868-57a2d4851a1d" />
    <TestEntry testId="1a602796-32bf-83be-aff8-51853bc788ba" executionId="fd02ed5f-dc35-480e-bc10-f3096bf5b13e" testListId="8c84fa94-04c1-424b-9868-57a2d4851a1d" />
    <TestEntry testId="1df9ba58-71c1-82b5-ac23-c0c19915affa" executionId="274ae348-805c-4fab-b331-9f26076ed57d" testListId="8c84fa94-04c1-424b-9868-57a2d4851a1d" />
    <TestEntry testId="1fde61e5-3060-8a74-bf5e-707c17c6af87" executionId="18bbc0dd-953e-42c6-b324-7fd930a2f5ee" testListId="8c84fa94-04c1-424b-9868-57a2d4851a1d" />
    <TestEntry testId="1a928444-de66-8e81-b2de-1bf76f083286" executionId="1c734b0c-7063-4959-af00-136348c9f756" testListId="8c84fa94-04c1-424b-9868-57a2d4851a1d" />
    <TestEntry testId="1fdd28ba-1f52-8e12-8819-ff3c77098183" executionId="8431e039-0089-4e0c-999b-115d03e716e5" testListId="8c84fa94-04c1-424b-9868-57a2d4851a1d" />
    <TestEntry testId="1c91b22b-8e4a-8dfd-9946-e80caf3f2230" executionId="e844f43f-da79-44b1-babb-ed51bb9d1abd" testListId="8c84fa94-04c1-424b-9868-57a2d4851a1d" />
    <TestEntry testId="111ef9cb-2834-8a8e-a537-8bef36b04109" executionId="099ab20a-a35b-40d9-87cd-9dab19eaa7fb" testListId="8c84fa94-04c1-424b-9868-57a2d4851a1d" />
    <TestEntry testId="11fd8fde-e0df-8a14-af6d-7034dda67e95" executionId="defd2616-a091-46b1-b1fa-6588e9431bfa" testListId="8c84fa94-04c1-424b-9868-57a2d4851a1d" />
    <TestEntry testId="18e8d892-7232-80cb-8c4e-3a1ca2520bce" executionId="4f9793e9-92b5-43f1-bb09-4ff1006539ea" testListId="8c84fa94-04c1-424b-9868-57a2d4851a1d" />
    <TestEntry testId="1210a018-4dc2-8616-bd05-7ef739a740c0" executionId="71e3685c-833a-424a-99cd-796fd255bc9e" testListId="8c84fa94-04c1-424b-9868-57a2d4851a1d" />
    <TestEntry testId="111cd70a-4349-8b06-9278-ed9f40a22f2c" executionId="04615d87-a854-4c44-9679-d3ae78d3feae" testListId="8c84fa94-04c1-424b-9868-57a2d4851a1d" />
    <TestEntry testId="1fddd5cb-5a6e-873d-981c-50c3d62b0e7d" executionId="25773935-39b7-4ec2-bd0c-b94830858115" testListId="8c84fa94-04c1-424b-9868-57a2d4851a1d" />
    <TestEntry testId="12188c97-0e85-866b-a5bd-4cd7ffeeb933" executionId="6004cb83-fbf9-4f37-a857-ed5d480fe2a5" testListId="8c84fa94-04c1-424b-9868-57a2d4851a1d" />
    <TestEntry testId="131c8591-fe36-8806-95ee-9d499d43a6f7" executionId="2237571c-3666-45cb-8f3b-617ba75dd7e4" testListId="8c84fa94-04c1-424b-9868-57a2d4851a1d" />
    <TestEntry testId="19fb3b23-d71d-8ef0-ac56-dfd3bbc0194f" executionId="efe7d046-9910-49d4-b654-188093b37c26" testListId="8c84fa94-04c1-424b-9868-57a2d4851a1d" />
    <TestEntry testId="10b01e9d-774c-8b0b-8397-363babef2bad" executionId="6dcc4677-f3c6-4e8f-9ed4-b81339f86503" testListId="8c84fa94-04c1-424b-9868-57a2d4851a1d" />
    <TestEntry testId="19c042f2-b148-865b-a3a7-af645abe79dc" executionId="fb32c8a8-0541-466a-9eb7-c2d2d8b9b926" testListId="8c84fa94-04c1-424b-9868-57a2d4851a1d" />
    <TestEntry testId="1db04a9d-522f-8ec8-a0f4-0a479fcbc31d" executionId="a3311dbc-0eb9-4e89-9c10-cd975a6b3087" testListId="8c84fa94-04c1-424b-9868-57a2d4851a1d" />
    <TestEntry testId="10b3544f-18f0-8d85-b7be-09146b254c6c" executionId="06303280-8986-4aec-a6a2-53b41afbf49b" testListId="8c84fa94-04c1-424b-9868-57a2d4851a1d" />
    <TestEntry testId="1d14e127-ac4f-887a-aa30-287bbac0e30a" executionId="fe1cdec3-c5b3-4862-a04c-5b8ee97911c9" testListId="8c84fa94-04c1-424b-9868-57a2d4851a1d" />
    <TestEntry testId="1dbd88de-0c9d-8757-ba14-a1e00dcff56e" executionId="91c37d1f-f644-4a48-b04b-b5a87c00a7de" testListId="8c84fa94-04c1-424b-9868-57a2d4851a1d" />
    <TestEntry testId="1d7b67b4-52b0-8740-b35a-271b7e7bbea9" executionId="c8620ff0-11dd-45b9-84bd-aa4d64e20c1d" testListId="8c84fa94-04c1-424b-9868-57a2d4851a1d" />
    <TestEntry testId="1fc396a2-ad80-8acd-b757-55452e0735eb" executionId="4604d89a-d3aa-4842-9aa7-83c2f54f4466" testListId="8c84fa94-04c1-424b-9868-57a2d4851a1d" />
    <TestEntry testId="165b14f1-0f7c-88ed-a206-9e163c869bc1" executionId="0616b67b-b913-4a2b-a604-0969cfd203de" testListId="8c84fa94-04c1-424b-9868-57a2d4851a1d" />
    <TestEntry testId="1b777341-1150-839f-93cf-992477ef4370" executionId="30e13945-d2da-49c6-8b12-c2008f05e9fe" testListId="8c84fa94-04c1-424b-9868-57a2d4851a1d" />
    <TestEntry testId="117f5682-2197-8002-9a10-f09f213154b1" executionId="df550ea5-de29-4276-b5eb-1d09186cfd66" testListId="8c84fa94-04c1-424b-9868-57a2d4851a1d" />
    <TestEntry testId="192fc35d-fffa-888a-9d97-e0905e1637ec" executionId="c3f4bd46-2151-4f82-84a3-ae67f263c6d4" testListId="8c84fa94-04c1-424b-9868-57a2d4851a1d" />
    <TestEntry testId="10cad937-9ddc-88e9-8750-7e780510be61" executionId="277f2581-ef61-4975-9f34-a7b20a296e8e" testListId="8c84fa94-04c1-424b-9868-57a2d4851a1d" />
    <TestEntry testId="11d1db1d-efdc-844a-83c0-d132c8ae3ec3" executionId="0b11dc8b-600c-4a84-b36c-ab24e57ea1a5" testListId="8c84fa94-04c1-424b-9868-57a2d4851a1d" />
    <TestEntry testId="1a36cfb0-b772-8f4c-a0d3-d2c72fa3bed3" executionId="58bf0311-b144-4066-ba40-79d1b2d9f899" testListId="8c84fa94-04c1-424b-9868-57a2d4851a1d" />
    <TestEntry testId="10a6cb6c-36c1-824a-92d4-b33873119209" executionId="f9d50594-115d-4b6b-bcad-01d84bbd8c27" testListId="8c84fa94-04c1-424b-9868-57a2d4851a1d" />
    <TestEntry testId="166ad2e4-e577-8e03-af7d-d36c0c952528" executionId="3d9ec20a-197c-49f0-99d4-44194acfe72e" testListId="8c84fa94-04c1-424b-9868-57a2d4851a1d" />
    <TestEntry testId="184b44ae-6b16-8130-b615-8cf64a4eb8df" executionId="c5534d6a-fbc8-4726-901c-a4962f6e7e88" testListId="8c84fa94-04c1-424b-9868-57a2d4851a1d" />
    <TestEntry testId="1279351d-45c0-8530-babd-a1df9ac84f84" executionId="490170ff-4f21-4917-8d58-fa60ec918b43" testListId="8c84fa94-04c1-424b-9868-57a2d4851a1d" />
    <TestEntry testId="1d246c4e-56e8-801a-bac6-1f82867b9c5f" executionId="64e91ca0-0270-4b88-9473-e6122b6cb65a" testListId="8c84fa94-04c1-424b-9868-57a2d4851a1d" />
    <TestEntry testId="11fce00a-c7bd-8532-8861-92cf30d448a6" executionId="02876243-738f-4a1e-a362-f619e576407c" testListId="8c84fa94-04c1-424b-9868-57a2d4851a1d" />
    <TestEntry testId="143dcd72-6401-8547-96e6-b3bb23f3b556" executionId="b73e6662-d2e7-4e43-9a5e-48db4ae559f3" testListId="8c84fa94-04c1-424b-9868-57a2d4851a1d" />
    <TestEntry testId="1b4a9a19-cb42-8f7a-8d80-c641f43014d1" executionId="07d4ca2b-1b0b-4732-86a5-c256274903a2" testListId="8c84fa94-04c1-424b-9868-57a2d4851a1d" />
    <TestEntry testId="144ddca0-62e2-8111-b4a7-07f829fe8fc6" executionId="35a05e81-ea02-48f4-a3b3-d1069882f911" testListId="8c84fa94-04c1-424b-9868-57a2d4851a1d" />
    <TestEntry testId="18a1d7ac-324c-84fa-a891-5651da6aa185" executionId="125519b2-d123-4620-8b3f-4ee3cc1410d1" testListId="8c84fa94-04c1-424b-9868-57a2d4851a1d" />
    <TestEntry testId="1ac96305-2d27-8f91-b495-6b5ed7efa173" executionId="f166e56c-45d5-49df-8efb-059d435a69a3" testListId="8c84fa94-04c1-424b-9868-57a2d4851a1d" />
    <TestEntry testId="1c2fc094-e469-8cce-a35a-9080b9edcabe" executionId="e5695f06-d14d-4824-9f1f-90c826bf6cfc" testListId="8c84fa94-04c1-424b-9868-57a2d4851a1d" />
    <TestEntry testId="128f1e66-2c3a-88c0-b920-0f80a3867e4c" executionId="37bd7b98-40e8-40f2-9be2-187e1661d854" testListId="8c84fa94-04c1-424b-9868-57a2d4851a1d" />
    <TestEntry testId="126e7a49-2b2f-89ac-b737-47990236383a" executionId="f09ce961-74b0-4ea2-9919-b3729263c735" testListId="8c84fa94-04c1-424b-9868-57a2d4851a1d" />
    <TestEntry testId="1fd2cf9b-75f3-8c90-b80e-dca22e13d081" executionId="6da1b3aa-ddb1-4f8b-be5a-8146d3024515" testListId="8c84fa94-04c1-424b-9868-57a2d4851a1d" />
    <TestEntry testId="1389f930-da38-8ebb-bd5f-5601d02ec31b" executionId="3564e542-d584-4664-9e15-609de1a892d6" testListId="8c84fa94-04c1-424b-9868-57a2d4851a1d" />
    <TestEntry testId="10076c5f-8ece-819b-b627-0381dbc2ae9b" executionId="1fda434c-41cb-4caf-bbd2-7fe851245d21" testListId="8c84fa94-04c1-424b-9868-57a2d4851a1d" />
    <TestEntry testId="15b402f9-9d1d-8049-85fb-581f5dc8fdc0" executionId="f0463356-a19c-4179-8676-46c9fb14180b" testListId="8c84fa94-04c1-424b-9868-57a2d4851a1d" />
    <TestEntry testId="1ccb951c-ea66-8aa5-b427-bc54a7c34d48" executionId="9d0878ba-94e0-4f25-ae36-ecee4bff53df" testListId="8c84fa94-04c1-424b-9868-57a2d4851a1d" />
    <TestEntry testId="19f8cee5-015f-831e-a560-3931a6d226c2" executionId="41c2ed12-b6ef-43c1-9629-ae6e466c77c0" testListId="8c84fa94-04c1-424b-9868-57a2d4851a1d" />
    <TestEntry testId="1ddb24ba-8323-8771-9baa-8d92df413409" executionId="64e8d66d-26b7-41d3-b878-ce6ec46fede9" testListId="8c84fa94-04c1-424b-9868-57a2d4851a1d" />
    <TestEntry testId="1d3ccba5-9b68-8bc0-a1bd-a9521b5b1600" executionId="e7eaeb26-812c-4ecc-8bfb-3d273403e071" testListId="8c84fa94-04c1-424b-9868-57a2d4851a1d" />
    <TestEntry testId="1687c602-e6c3-871a-8031-1172a1657d22" executionId="6f08f2e4-edfb-4b12-b422-c6ba8a53a169" testListId="8c84fa94-04c1-424b-9868-57a2d4851a1d" />
    <TestEntry testId="103c6a41-4064-87fd-af92-6672d89909a7" executionId="26c85ff8-b92d-4d5f-8d99-44e96706fc43" testListId="8c84fa94-04c1-424b-9868-57a2d4851a1d" />
    <TestEntry testId="14f37388-3c1f-8b7e-8d51-8b7c21947f48" executionId="caa0ffa6-c999-4d9b-883d-c2b05d14aabe" testListId="8c84fa94-04c1-424b-9868-57a2d4851a1d" />
    <TestEntry testId="13ac230c-2041-83ed-a4ae-ad87666510c3" executionId="d2d9d1d7-06a2-4f3f-bfa7-53bde43ee060" testListId="8c84fa94-04c1-424b-9868-57a2d4851a1d" />
    <TestEntry testId="1b13aeb8-68df-82e8-8df6-50d58467c11d" executionId="e0f20a12-bdae-4005-9414-27192990266f" testListId="8c84fa94-04c1-424b-9868-57a2d4851a1d" />
    <TestEntry testId="11c60c6c-226a-8f29-9216-c85914849fdd" executionId="3cbf8d62-d30a-43e2-98b9-f261bc2418a4" testListId="8c84fa94-04c1-424b-9868-57a2d4851a1d" />
    <TestEntry testId="14ad9b5c-0964-8957-b2d4-43240f278138" executionId="cee81e78-8034-465d-8548-790262dfa0cd" testListId="8c84fa94-04c1-424b-9868-57a2d4851a1d" />
    <TestEntry testId="1538eaf1-7d7b-85e2-b97c-43a32999c2a4" executionId="6d253eae-b187-4478-9eb1-21796d75528d" testListId="8c84fa94-04c1-424b-9868-57a2d4851a1d" />
    <TestEntry testId="196e7ac2-4716-8a86-b1a3-d54b5a59dae0" executionId="8688ee03-3678-4094-b561-07d97e969f8b" testListId="8c84fa94-04c1-424b-9868-57a2d4851a1d" />
  </TestEntries>
  <TestLists>
    <TestList name="Results Not in a List" id="8c84fa94-04c1-424b-9868-57a2d4851a1d" />
    <TestList name="All Loaded Results" id="19431567-8539-422a-85d7-44ee4e166bda" />
  </TestLists>
  <ResultSummary outcome="Failed">
    <Counters total="243" executed="243" passed="61" failed="182" error="0" timeout="0" aborted="0" inconclusive="0" passedButRunAborted="0" notRunnable="0" notExecuted="0" disconnected="0" warning="0" completed="0" inProgress="0" pending="0" />
  </ResultSummary>
</TestRun>